2019-09-03 15:42:49.648[main] DEBUG com.igeek.dao.split.DynamicDataSourceInterceptor - 设置方法[com.igeek.dao.ShopDao.queryByShopId] use[slave] Strategy,SqlCommanType[SELECT]...
2019-09-03 15:42:49.658[main] DEBUG com.igeek.dao.split.DynamicDataSourceHolder - 所使用的数据源为：slave
2019-09-03 15:42:49.668[main] DEBUG com.igeek.dao.ShopDao.queryByShopId - ==>  Preparing: SELECT s.shop_id, s.shop_name, s.shop_desc, s.shop_addr, s.phone, s.shop_img, s.priority, s.create_time, s.last_edit_time, s.enable_status, s.advice, a.area_id, a.area_name, /*a.priority, a.create_time, a.last_edit_time,*/ sc.shop_categoty_id, sc.shop_categoty_name /*sc.shop_categoty_desc, sc.shop_categoty_img, sc.priority, sc.create_time, sc.last_edit_time,*/ /*p.user_id, p.name, p.profile_img, p.email, p.gender, p.enable_status, p.user_type, p.create_time, p.last_edit_time*/ FROM tb_shop AS s, tb_area AS a, tb_shop_category AS sc /*tb_person_info AS p*/ WHERE s.shop_id = ? AND s.area_id = a.area_id AND s.shop_category_id = sc.shop_category_id; 
2019-09-03 15:42:49.748[main] DEBUG com.igeek.dao.ShopDao.queryByShopId - ==> Parameters: 1(Long)
2019-09-03 15:44:17.541[main] DEBUG com.igeek.dao.split.DynamicDataSourceInterceptor - 设置方法[com.igeek.dao.ShopDao.queryByShopId] use[slave] Strategy,SqlCommanType[SELECT]...
2019-09-03 15:44:17.551[main] DEBUG com.igeek.dao.split.DynamicDataSourceHolder - 所使用的数据源为：slave
2019-09-03 15:44:17.561[main] DEBUG com.igeek.dao.ShopDao.queryByShopId - ==>  Preparing: SELECT s.shop_id, s.shop_name, s.shop_desc, s.shop_addr, s.phone, s.shop_img, s.priority, s.create_time, s.last_edit_time, s.enable_status, s.advice, a.area_id, a.area_name, /*a.priority, a.create_time, a.last_edit_time,*/ sc.shop_category_id, sc.shop_category_name /*sc.shop_category_desc, sc.shop_category_img, sc.priority, sc.create_time, sc.last_edit_time,*/ /*p.user_id, p.name, p.profile_img, p.email, p.gender, p.enable_status, p.user_type, p.create_time, p.last_edit_time*/ FROM tb_shop AS s, tb_area AS a, tb_shop_category AS sc /*tb_person_info AS p*/ WHERE s.shop_id = ? AND s.area_id = a.area_id AND s.shop_category_id = sc.shop_category_id; 
2019-09-03 15:44:17.611[main] DEBUG com.igeek.dao.ShopDao.queryByShopId - ==> Parameters: 1(Long)
2019-09-03 15:44:17.631[main] DEBUG com.igeek.dao.ShopDao.queryByShopId - <==      Total: 1
2019-09-03 16:35:09.106[main] DEBUG com.igeek.dao.split.DynamicDataSourceInterceptor - 设置方法[com.igeek.dao.ShopDao.queryByShopId] use[slave] Strategy,SqlCommanType[SELECT]...
2019-09-03 16:35:09.106[main] DEBUG com.igeek.dao.split.DynamicDataSourceHolder - 所使用的数据源为：slave
2019-09-03 16:35:09.118[main] DEBUG com.igeek.dao.ShopDao.queryByShopId - ==>  Preparing: SELECT s.shop_id, s.shop_name, s.shop_desc, s.shop_addr, s.phone, s.shop_img, s.priority, s.create_time, s.last_edit_time, s.enable_status, s.advice, a.area_id, a.area_name, /*a.priority, a.create_time, a.last_edit_time,*/ sc.shop_category_id, sc.shop_category_name /*sc.shop_category_desc, sc.shop_category_img, sc.priority, sc.create_time, sc.last_edit_time,*/ /*p.user_id, p.name, p.profile_img, p.email, p.gender, p.enable_status, p.user_type, p.create_time, p.last_edit_time*/ FROM tb_shop AS s, tb_area AS a, tb_shop_category AS sc /*tb_person_info AS p*/ WHERE s.shop_id = ? AND s.area_id = a.area_id AND s.shop_category_id = sc.shop_category_id; 
2019-09-03 16:35:09.173[main] DEBUG com.igeek.dao.ShopDao.queryByShopId - ==> Parameters: 1(Long)
2019-09-03 16:35:09.212[main] DEBUG com.igeek.dao.ShopDao.queryByShopId - <==      Total: 1
2019-09-03 16:43:09.825[main] DEBUG com.igeek.dao.split.DynamicDataSourceInterceptor - 设置方法[com.igeek.dao.ShopDao.queryByShopId] use[slave] Strategy,SqlCommanType[SELECT]...
2019-09-03 16:43:09.825[main] DEBUG com.igeek.dao.split.DynamicDataSourceHolder - 所使用的数据源为：slave
2019-09-03 16:43:09.845[main] DEBUG com.igeek.dao.ShopDao.queryByShopId - ==>  Preparing: SELECT s.shop_id, s.shop_name, s.shop_desc, s.shop_addr, s.phone, s.shop_img, s.priority, s.create_time, s.last_edit_time, s.enable_status, s.advice, a.area_id, a.area_name, /*a.priority, a.create_time, a.last_edit_time,*/ sc.shop_category_id, sc.shop_category_name /*sc.shop_category_desc, sc.shop_category_img, sc.priority, sc.create_time, sc.last_edit_time,*/ /*p.user_id, p.name, p.profile_img, p.email, p.gender, p.enable_status, p.user_type, p.create_time, p.last_edit_time*/ FROM tb_shop AS s, tb_area AS a, tb_shop_category AS sc /*tb_person_info AS p*/ WHERE s.shop_id = ? AND s.area_id = a.area_id AND s.shop_category_id = sc.shop_category_id; 
2019-09-03 16:43:09.895[main] DEBUG com.igeek.dao.ShopDao.queryByShopId - ==> Parameters: 1(Long)
2019-09-03 16:43:09.915[main] DEBUG com.igeek.dao.ShopDao.queryByShopId - <==      Total: 1
2019-09-03 16:43:09.935[main] DEBUG com.igeek.dao.split.DynamicDataSourceInterceptor - 设置方法[com.igeek.dao.ShopDao.insertShop] use[master] Strategy,SqlCommanType[INSERT]...
2019-09-03 16:43:09.935[main] DEBUG com.igeek.dao.split.DynamicDataSourceHolder - 所使用的数据源为：master
2019-09-03 16:43:09.935[main] DEBUG com.igeek.dao.ShopDao.insertShop - ==>  Preparing: INSERT INTO tb_shop(owner_id,area_id,shop_category_id,shop_name,shop_desc, shop_addr,phone,shop_img,priority,create_time,last_edit_time, enable_status,advice) VALUES(?,?,?, ?,?,?,?,?,?, ?,?,?,?); 
2019-09-03 16:43:09.935[main] DEBUG com.igeek.dao.ShopDao.insertShop - ==> Parameters: null, 1(Integer), 1(Long), 更新的店铺1(String), 测试描述(String), 测试地址(String), 测试(String), 测试(String), 1(Integer), 2019-09-03 16:43:09.935(Timestamp), 2019-09-03 16:43:09.935(Timestamp), 0(Integer), 审核中(String)
2019-09-03 16:46:22.554[main] DEBUG com.igeek.dao.split.DynamicDataSourceInterceptor - 设置方法[com.igeek.dao.ShopDao.queryByShopId] use[slave] Strategy,SqlCommanType[SELECT]...
2019-09-03 16:46:22.554[main] DEBUG com.igeek.dao.split.DynamicDataSourceHolder - 所使用的数据源为：slave
2019-09-03 16:46:22.574[main] DEBUG com.igeek.dao.ShopDao.queryByShopId - ==>  Preparing: SELECT s.shop_id, s.shop_name, s.shop_desc, s.shop_addr, s.phone, s.shop_img, s.priority, s.create_time, s.last_edit_time, s.enable_status, s.advice, a.area_id, a.area_name, /*a.priority, a.create_time, a.last_edit_time,*/ sc.shop_category_id, sc.shop_category_name /*sc.shop_category_desc, sc.shop_category_img, sc.priority, sc.create_time, sc.last_edit_time,*/ /*p.user_id, p.name, p.profile_img, p.email, p.gender, p.enable_status, p.user_type, p.create_time, p.last_edit_time*/ FROM tb_shop AS s, tb_area AS a, tb_shop_category AS sc /*tb_person_info AS p*/ WHERE s.shop_id = ? AND s.area_id = a.area_id AND s.shop_category_id = sc.shop_category_id; 
2019-09-03 16:46:22.624[main] DEBUG com.igeek.dao.ShopDao.queryByShopId - ==> Parameters: 1(Long)
2019-09-03 16:46:22.634[main] DEBUG com.igeek.dao.ShopDao.queryByShopId - <==      Total: 1
2019-09-03 16:46:22.654[main] DEBUG com.igeek.dao.split.DynamicDataSourceInterceptor - 设置方法[com.igeek.dao.ShopDao.queryByShopId] use[master] Strategy,SqlCommanType[SELECT]...
2019-09-03 16:46:22.654[main] DEBUG com.igeek.dao.split.DynamicDataSourceHolder - 所使用的数据源为：master
2019-09-03 16:46:22.654[main] DEBUG com.igeek.dao.ShopDao.queryByShopId - ==>  Preparing: SELECT s.shop_id, s.shop_name, s.shop_desc, s.shop_addr, s.phone, s.shop_img, s.priority, s.create_time, s.last_edit_time, s.enable_status, s.advice, a.area_id, a.area_name, /*a.priority, a.create_time, a.last_edit_time,*/ sc.shop_category_id, sc.shop_category_name /*sc.shop_category_desc, sc.shop_category_img, sc.priority, sc.create_time, sc.last_edit_time,*/ /*p.user_id, p.name, p.profile_img, p.email, p.gender, p.enable_status, p.user_type, p.create_time, p.last_edit_time*/ FROM tb_shop AS s, tb_area AS a, tb_shop_category AS sc /*tb_person_info AS p*/ WHERE s.shop_id = ? AND s.area_id = a.area_id AND s.shop_category_id = sc.shop_category_id; 
2019-09-03 16:46:22.654[main] DEBUG com.igeek.dao.ShopDao.queryByShopId - ==> Parameters: 1(Long)
2019-09-03 16:46:22.654[main] DEBUG com.igeek.dao.ShopDao.queryByShopId - <==      Total: 1
2019-09-03 16:46:22.834[main] DEBUG com.igeek.dao.split.DynamicDataSourceInterceptor - 设置方法[com.igeek.dao.ShopDao.updateShop] use[master] Strategy,SqlCommanType[UPDATE]...
2019-09-03 16:46:22.834[main] DEBUG com.igeek.dao.split.DynamicDataSourceHolder - 所使用的数据源为：master
2019-09-03 16:46:22.854[main] DEBUG com.igeek.dao.ShopDao.updateShop - ==>  Preparing: UPDATE tb_shop SET shop_name = ?, shop_desc = ?, shop_addr = ?, phone = ?, shop_img = ?, priority = ?, last_edit_time = ?, enable_status = ?, advice = ?, area_id = ?, shop_category_id = ? WHERE shop_id=? 
2019-09-03 16:46:22.854[main] DEBUG com.igeek.dao.ShopDao.updateShop - ==> Parameters: 更新的店铺1(String), 测试描述(String), 测试地址(String), 测试(String), upload\item\shop\1\2019090316462259037.jpg(String), 1(Integer), 2019-09-03 16:46:22.834(Timestamp), 1(Integer), 审核中(String), 1(Integer), 1(Long), 1(Long)
2019-09-03 16:46:22.854[main] DEBUG com.igeek.dao.ShopDao.updateShop - <==    Updates: 1
2019-09-03 16:46:22.854[main] DEBUG com.igeek.dao.split.DynamicDataSourceInterceptor - 设置方法[com.igeek.dao.ShopDao.queryByShopId] use[master] Strategy,SqlCommanType[SELECT]...
2019-09-03 16:46:22.854[main] DEBUG com.igeek.dao.split.DynamicDataSourceHolder - 所使用的数据源为：master
2019-09-03 16:46:22.854[main] DEBUG com.igeek.dao.ShopDao.queryByShopId - ==>  Preparing: SELECT s.shop_id, s.shop_name, s.shop_desc, s.shop_addr, s.phone, s.shop_img, s.priority, s.create_time, s.last_edit_time, s.enable_status, s.advice, a.area_id, a.area_name, /*a.priority, a.create_time, a.last_edit_time,*/ sc.shop_category_id, sc.shop_category_name /*sc.shop_category_desc, sc.shop_category_img, sc.priority, sc.create_time, sc.last_edit_time,*/ /*p.user_id, p.name, p.profile_img, p.email, p.gender, p.enable_status, p.user_type, p.create_time, p.last_edit_time*/ FROM tb_shop AS s, tb_area AS a, tb_shop_category AS sc /*tb_person_info AS p*/ WHERE s.shop_id = ? AND s.area_id = a.area_id AND s.shop_category_id = sc.shop_category_id; 
2019-09-03 16:46:22.854[main] DEBUG com.igeek.dao.ShopDao.queryByShopId - ==> Parameters: 1(Long)
2019-09-03 16:46:22.864[main] DEBUG com.igeek.dao.ShopDao.queryByShopId - <==      Total: 1
2019-09-03 20:50:50.203[main] DEBUG com.igeek.dao.split.DynamicDataSourceInterceptor - 设置方法[com.igeek.dao.ShopDao.queryByShopId] use[slave] Strategy,SqlCommanType[SELECT]...
2019-09-03 20:50:50.203[main] DEBUG com.igeek.dao.split.DynamicDataSourceHolder - 所使用的数据源为：slave
2019-09-03 20:50:50.223[main] DEBUG com.igeek.dao.ShopDao.queryByShopId - ==>  Preparing: SELECT s.shop_id, s.shop_name, s.shop_desc, s.shop_addr, s.phone, s.shop_img, s.priority, s.create_time, s.last_edit_time, s.enable_status, s.advice, a.area_id, a.area_name, /*a.priority, a.create_time, a.last_edit_time,*/ sc.shop_category_id, sc.shop_category_name /*sc.shop_category_desc, sc.shop_category_img, sc.priority, sc.create_time, sc.last_edit_time,*/ /*p.user_id, p.name, p.profile_img, p.email, p.gender, p.enable_status, p.user_type, p.create_time, p.last_edit_time*/ FROM tb_shop AS s, tb_area AS a, tb_shop_category AS sc /*tb_person_info AS p*/ WHERE s.shop_id = ? AND s.area_id = a.area_id AND s.shop_category_id = sc.shop_category_id; 
2019-09-03 20:50:50.273[main] DEBUG com.igeek.dao.ShopDao.queryByShopId - ==> Parameters: 1(Long)
2019-09-03 20:50:50.293[main] DEBUG com.igeek.dao.ShopDao.queryByShopId - <==      Total: 1
2019-09-03 20:50:50.313[main] DEBUG com.igeek.dao.split.DynamicDataSourceInterceptor - 设置方法[com.igeek.dao.ShopDao.queryByShopId] use[master] Strategy,SqlCommanType[SELECT]...
2019-09-03 20:50:50.313[main] DEBUG com.igeek.dao.split.DynamicDataSourceHolder - 所使用的数据源为：master
2019-09-03 20:50:50.313[main] DEBUG com.igeek.dao.ShopDao.queryByShopId - ==>  Preparing: SELECT s.shop_id, s.shop_name, s.shop_desc, s.shop_addr, s.phone, s.shop_img, s.priority, s.create_time, s.last_edit_time, s.enable_status, s.advice, a.area_id, a.area_name, /*a.priority, a.create_time, a.last_edit_time,*/ sc.shop_category_id, sc.shop_category_name /*sc.shop_category_desc, sc.shop_category_img, sc.priority, sc.create_time, sc.last_edit_time,*/ /*p.user_id, p.name, p.profile_img, p.email, p.gender, p.enable_status, p.user_type, p.create_time, p.last_edit_time*/ FROM tb_shop AS s, tb_area AS a, tb_shop_category AS sc /*tb_person_info AS p*/ WHERE s.shop_id = ? AND s.area_id = a.area_id AND s.shop_category_id = sc.shop_category_id; 
2019-09-03 20:50:50.313[main] DEBUG com.igeek.dao.ShopDao.queryByShopId - ==> Parameters: 1(Long)
2019-09-03 20:50:50.313[main] DEBUG com.igeek.dao.ShopDao.queryByShopId - <==      Total: 1
2019-09-03 20:50:50.473[main] DEBUG com.igeek.dao.split.DynamicDataSourceInterceptor - 设置方法[com.igeek.dao.ShopDao.updateShop] use[master] Strategy,SqlCommanType[UPDATE]...
2019-09-03 20:50:50.473[main] DEBUG com.igeek.dao.split.DynamicDataSourceHolder - 所使用的数据源为：master
2019-09-03 20:50:50.493[main] DEBUG com.igeek.dao.ShopDao.updateShop - ==>  Preparing: UPDATE tb_shop SET shop_name = ?, shop_desc = ?, shop_addr = ?, phone = ?, shop_img = ?, priority = ?, last_edit_time = ?, enable_status = ?, advice = ?, area_id = ?, shop_category_id = ? WHERE shop_id=? 
2019-09-03 20:50:50.503[main] DEBUG com.igeek.dao.ShopDao.updateShop - ==> Parameters: 正式的店铺1(String), 测试描述(String), 测试地址(String), 测试(String), upload\item\shop\1\2019090320505086638.jpg(String), 1(Integer), 2019-09-03 20:50:50.473(Timestamp), 1(Integer), 审核中(String), 1(Integer), 1(Long), 1(Long)
2019-09-03 20:50:50.503[main] DEBUG com.igeek.dao.ShopDao.updateShop - <==    Updates: 1
2019-09-03 20:50:50.503[main] DEBUG com.igeek.dao.split.DynamicDataSourceInterceptor - 设置方法[com.igeek.dao.ShopDao.queryByShopId] use[master] Strategy,SqlCommanType[SELECT]...
2019-09-03 20:50:50.503[main] DEBUG com.igeek.dao.split.DynamicDataSourceHolder - 所使用的数据源为：master
2019-09-03 20:50:50.503[main] DEBUG com.igeek.dao.ShopDao.queryByShopId - ==>  Preparing: SELECT s.shop_id, s.shop_name, s.shop_desc, s.shop_addr, s.phone, s.shop_img, s.priority, s.create_time, s.last_edit_time, s.enable_status, s.advice, a.area_id, a.area_name, /*a.priority, a.create_time, a.last_edit_time,*/ sc.shop_category_id, sc.shop_category_name /*sc.shop_category_desc, sc.shop_category_img, sc.priority, sc.create_time, sc.last_edit_time,*/ /*p.user_id, p.name, p.profile_img, p.email, p.gender, p.enable_status, p.user_type, p.create_time, p.last_edit_time*/ FROM tb_shop AS s, tb_area AS a, tb_shop_category AS sc /*tb_person_info AS p*/ WHERE s.shop_id = ? AND s.area_id = a.area_id AND s.shop_category_id = sc.shop_category_id; 
2019-09-03 20:50:50.503[main] DEBUG com.igeek.dao.ShopDao.queryByShopId - ==> Parameters: 1(Long)
2019-09-03 20:50:50.503[main] DEBUG com.igeek.dao.ShopDao.queryByShopId - <==      Total: 1
2019-09-03 20:51:17.083[main] DEBUG com.igeek.dao.split.DynamicDataSourceInterceptor - 设置方法[com.igeek.dao.ShopDao.queryByShopId] use[slave] Strategy,SqlCommanType[SELECT]...
2019-09-03 20:51:17.083[main] DEBUG com.igeek.dao.split.DynamicDataSourceHolder - 所使用的数据源为：slave
2019-09-03 20:51:17.093[main] DEBUG com.igeek.dao.ShopDao.queryByShopId - ==>  Preparing: SELECT s.shop_id, s.shop_name, s.shop_desc, s.shop_addr, s.phone, s.shop_img, s.priority, s.create_time, s.last_edit_time, s.enable_status, s.advice, a.area_id, a.area_name, /*a.priority, a.create_time, a.last_edit_time,*/ sc.shop_category_id, sc.shop_category_name /*sc.shop_category_desc, sc.shop_category_img, sc.priority, sc.create_time, sc.last_edit_time,*/ /*p.user_id, p.name, p.profile_img, p.email, p.gender, p.enable_status, p.user_type, p.create_time, p.last_edit_time*/ FROM tb_shop AS s, tb_area AS a, tb_shop_category AS sc /*tb_person_info AS p*/ WHERE s.shop_id = ? AND s.area_id = a.area_id AND s.shop_category_id = sc.shop_category_id; 
2019-09-03 20:51:17.153[main] DEBUG com.igeek.dao.ShopDao.queryByShopId - ==> Parameters: 1(Long)
2019-09-03 20:51:17.183[main] DEBUG com.igeek.dao.ShopDao.queryByShopId - <==      Total: 1
2019-09-03 20:51:17.193[main] DEBUG com.igeek.dao.split.DynamicDataSourceInterceptor - 设置方法[com.igeek.dao.ShopDao.queryByShopId] use[master] Strategy,SqlCommanType[SELECT]...
2019-09-03 20:51:17.193[main] DEBUG com.igeek.dao.split.DynamicDataSourceHolder - 所使用的数据源为：master
2019-09-03 20:51:17.193[main] DEBUG com.igeek.dao.ShopDao.queryByShopId - ==>  Preparing: SELECT s.shop_id, s.shop_name, s.shop_desc, s.shop_addr, s.phone, s.shop_img, s.priority, s.create_time, s.last_edit_time, s.enable_status, s.advice, a.area_id, a.area_name, /*a.priority, a.create_time, a.last_edit_time,*/ sc.shop_category_id, sc.shop_category_name /*sc.shop_category_desc, sc.shop_category_img, sc.priority, sc.create_time, sc.last_edit_time,*/ /*p.user_id, p.name, p.profile_img, p.email, p.gender, p.enable_status, p.user_type, p.create_time, p.last_edit_time*/ FROM tb_shop AS s, tb_area AS a, tb_shop_category AS sc /*tb_person_info AS p*/ WHERE s.shop_id = ? AND s.area_id = a.area_id AND s.shop_category_id = sc.shop_category_id; 
2019-09-03 20:51:17.193[main] DEBUG com.igeek.dao.ShopDao.queryByShopId - ==> Parameters: 1(Long)
2019-09-03 20:51:17.203[main] DEBUG com.igeek.dao.ShopDao.queryByShopId - <==      Total: 1
2019-09-03 20:51:17.363[main] DEBUG com.igeek.dao.split.DynamicDataSourceInterceptor - 设置方法[com.igeek.dao.ShopDao.updateShop] use[master] Strategy,SqlCommanType[UPDATE]...
2019-09-03 20:51:17.363[main] DEBUG com.igeek.dao.split.DynamicDataSourceHolder - 所使用的数据源为：master
2019-09-03 20:51:17.383[main] DEBUG com.igeek.dao.ShopDao.updateShop - ==>  Preparing: UPDATE tb_shop SET shop_name = ?, shop_desc = ?, shop_addr = ?, phone = ?, shop_img = ?, priority = ?, last_edit_time = ?, enable_status = ?, advice = ?, area_id = ?, shop_category_id = ? WHERE shop_id=? 
2019-09-03 20:51:17.393[main] DEBUG com.igeek.dao.ShopDao.updateShop - ==> Parameters: 更新的店铺1(String), 测试描述(String), 测试地址(String), 测试(String), upload\item\shop\1\2019090320511772332.jpg(String), 1(Integer), 2019-09-03 20:51:17.363(Timestamp), 1(Integer), 审核中(String), 1(Integer), 1(Long), 1(Long)
2019-09-03 20:51:17.393[main] DEBUG com.igeek.dao.ShopDao.updateShop - <==    Updates: 1
2019-09-03 20:51:17.393[main] DEBUG com.igeek.dao.split.DynamicDataSourceInterceptor - 设置方法[com.igeek.dao.ShopDao.queryByShopId] use[master] Strategy,SqlCommanType[SELECT]...
2019-09-03 20:51:17.393[main] DEBUG com.igeek.dao.split.DynamicDataSourceHolder - 所使用的数据源为：master
2019-09-03 20:51:17.393[main] DEBUG com.igeek.dao.ShopDao.queryByShopId - ==>  Preparing: SELECT s.shop_id, s.shop_name, s.shop_desc, s.shop_addr, s.phone, s.shop_img, s.priority, s.create_time, s.last_edit_time, s.enable_status, s.advice, a.area_id, a.area_name, /*a.priority, a.create_time, a.last_edit_time,*/ sc.shop_category_id, sc.shop_category_name /*sc.shop_category_desc, sc.shop_category_img, sc.priority, sc.create_time, sc.last_edit_time,*/ /*p.user_id, p.name, p.profile_img, p.email, p.gender, p.enable_status, p.user_type, p.create_time, p.last_edit_time*/ FROM tb_shop AS s, tb_area AS a, tb_shop_category AS sc /*tb_person_info AS p*/ WHERE s.shop_id = ? AND s.area_id = a.area_id AND s.shop_category_id = sc.shop_category_id; 
2019-09-03 20:51:17.393[main] DEBUG com.igeek.dao.ShopDao.queryByShopId - ==> Parameters: 1(Long)
2019-09-03 20:51:17.393[main] DEBUG com.igeek.dao.ShopDao.queryByShopId - <==      Total: 1
2019-09-03 20:57:46.703[main] DEBUG com.igeek.dao.split.DynamicDataSourceInterceptor - 设置方法[com.igeek.dao.ShopDao.queryByShopId] use[slave] Strategy,SqlCommanType[SELECT]...
2019-09-03 20:57:46.703[main] DEBUG com.igeek.dao.split.DynamicDataSourceHolder - 所使用的数据源为：slave
2019-09-03 20:57:46.713[main] DEBUG com.igeek.dao.ShopDao.queryByShopId - ==>  Preparing: SELECT s.shop_id, s.shop_name, s.shop_desc, s.shop_addr, s.phone, s.shop_img, s.priority, s.create_time, s.last_edit_time, s.enable_status, s.advice, a.area_id, a.area_name, /*a.priority, a.create_time, a.last_edit_time,*/ sc.shop_category_id, sc.shop_category_name /*sc.shop_category_desc, sc.shop_category_img, sc.priority, sc.create_time, sc.last_edit_time,*/ /*p.user_id, p.name, p.profile_img, p.email, p.gender, p.enable_status, p.user_type, p.create_time, p.last_edit_time*/ FROM tb_shop AS s, tb_area AS a, tb_shop_category AS sc /*tb_person_info AS p*/ WHERE s.shop_id = ? AND s.area_id = a.area_id AND s.shop_category_id = sc.shop_category_id; 
2019-09-03 20:57:46.773[main] DEBUG com.igeek.dao.ShopDao.queryByShopId - ==> Parameters: 1(Long)
2019-09-03 20:57:46.793[main] DEBUG com.igeek.dao.ShopDao.queryByShopId - <==      Total: 1
2019-09-03 20:57:46.807[main] DEBUG com.igeek.dao.split.DynamicDataSourceInterceptor - 设置方法[com.igeek.dao.ShopDao.queryByShopId] use[master] Strategy,SqlCommanType[SELECT]...
2019-09-03 20:57:46.807[main] DEBUG com.igeek.dao.split.DynamicDataSourceHolder - 所使用的数据源为：master
2019-09-03 20:57:46.807[main] DEBUG com.igeek.dao.ShopDao.queryByShopId - ==>  Preparing: SELECT s.shop_id, s.shop_name, s.shop_desc, s.shop_addr, s.phone, s.shop_img, s.priority, s.create_time, s.last_edit_time, s.enable_status, s.advice, a.area_id, a.area_name, /*a.priority, a.create_time, a.last_edit_time,*/ sc.shop_category_id, sc.shop_category_name /*sc.shop_category_desc, sc.shop_category_img, sc.priority, sc.create_time, sc.last_edit_time,*/ /*p.user_id, p.name, p.profile_img, p.email, p.gender, p.enable_status, p.user_type, p.create_time, p.last_edit_time*/ FROM tb_shop AS s, tb_area AS a, tb_shop_category AS sc /*tb_person_info AS p*/ WHERE s.shop_id = ? AND s.area_id = a.area_id AND s.shop_category_id = sc.shop_category_id; 
2019-09-03 20:57:46.807[main] DEBUG com.igeek.dao.ShopDao.queryByShopId - ==> Parameters: 1(Long)
2019-09-03 20:57:46.807[main] DEBUG com.igeek.dao.ShopDao.queryByShopId - <==      Total: 1
2019-09-03 20:57:46.995[main] DEBUG com.igeek.dao.split.DynamicDataSourceInterceptor - 设置方法[com.igeek.dao.ShopDao.updateShop] use[master] Strategy,SqlCommanType[UPDATE]...
2019-09-03 20:57:46.995[main] DEBUG com.igeek.dao.split.DynamicDataSourceHolder - 所使用的数据源为：master
2019-09-03 20:57:47.014[main] DEBUG com.igeek.dao.ShopDao.updateShop - ==>  Preparing: UPDATE tb_shop SET shop_name = ?, shop_desc = ?, shop_addr = ?, phone = ?, shop_img = ?, priority = ?, last_edit_time = ?, enable_status = ?, advice = ?, area_id = ?, shop_category_id = ? WHERE shop_id=? 
2019-09-03 20:57:47.018[main] DEBUG com.igeek.dao.ShopDao.updateShop - ==> Parameters: 更新的店铺1(String), 测试描述(String), 测试地址(String), 测试(String), upload\item\shop\1\2019090320574697194.jpg(String), 1(Integer), 2019-09-03 20:57:46.995(Timestamp), 1(Integer), 审核中(String), 1(Integer), 1(Long), 1(Long)
2019-09-03 20:57:47.022[main] DEBUG com.igeek.dao.ShopDao.updateShop - <==    Updates: 1
2019-09-03 20:57:47.022[main] DEBUG com.igeek.dao.split.DynamicDataSourceInterceptor - 设置方法[com.igeek.dao.ShopDao.queryByShopId] use[master] Strategy,SqlCommanType[SELECT]...
2019-09-03 20:57:47.022[main] DEBUG com.igeek.dao.split.DynamicDataSourceHolder - 所使用的数据源为：master
2019-09-03 20:57:47.022[main] DEBUG com.igeek.dao.ShopDao.queryByShopId - ==>  Preparing: SELECT s.shop_id, s.shop_name, s.shop_desc, s.shop_addr, s.phone, s.shop_img, s.priority, s.create_time, s.last_edit_time, s.enable_status, s.advice, a.area_id, a.area_name, /*a.priority, a.create_time, a.last_edit_time,*/ sc.shop_category_id, sc.shop_category_name /*sc.shop_category_desc, sc.shop_category_img, sc.priority, sc.create_time, sc.last_edit_time,*/ /*p.user_id, p.name, p.profile_img, p.email, p.gender, p.enable_status, p.user_type, p.create_time, p.last_edit_time*/ FROM tb_shop AS s, tb_area AS a, tb_shop_category AS sc /*tb_person_info AS p*/ WHERE s.shop_id = ? AND s.area_id = a.area_id AND s.shop_category_id = sc.shop_category_id; 
2019-09-03 20:57:47.022[main] DEBUG com.igeek.dao.ShopDao.queryByShopId - ==> Parameters: 1(Long)
2019-09-03 20:57:47.022[main] DEBUG com.igeek.dao.ShopDao.queryByShopId - <==      Total: 1
2019-09-03 20:59:28.100[main] DEBUG com.igeek.dao.split.DynamicDataSourceInterceptor - 设置方法[com.igeek.dao.ShopDao.queryByShopId] use[slave] Strategy,SqlCommanType[SELECT]...
2019-09-03 20:59:28.100[main] DEBUG com.igeek.dao.split.DynamicDataSourceHolder - 所使用的数据源为：slave
2019-09-03 20:59:28.120[main] DEBUG com.igeek.dao.ShopDao.queryByShopId - ==>  Preparing: SELECT s.shop_id, s.shop_name, s.shop_desc, s.shop_addr, s.phone, s.shop_img, s.priority, s.create_time, s.last_edit_time, s.enable_status, s.advice, a.area_id, a.area_name, /*a.priority, a.create_time, a.last_edit_time,*/ sc.shop_category_id, sc.shop_category_name /*sc.shop_category_desc, sc.shop_category_img, sc.priority, sc.create_time, sc.last_edit_time,*/ /*p.user_id, p.name, p.profile_img, p.email, p.gender, p.enable_status, p.user_type, p.create_time, p.last_edit_time*/ FROM tb_shop AS s, tb_area AS a, tb_shop_category AS sc /*tb_person_info AS p*/ WHERE s.shop_id = ? AND s.area_id = a.area_id AND s.shop_category_id = sc.shop_category_id; 
2019-09-03 20:59:28.180[main] DEBUG com.igeek.dao.ShopDao.queryByShopId - ==> Parameters: 1(Long)
2019-09-03 20:59:28.210[main] DEBUG com.igeek.dao.ShopDao.queryByShopId - <==      Total: 1
2019-09-03 20:59:28.230[main] DEBUG com.igeek.dao.split.DynamicDataSourceInterceptor - 设置方法[com.igeek.dao.ShopDao.queryByShopId] use[master] Strategy,SqlCommanType[SELECT]...
2019-09-03 20:59:28.230[main] DEBUG com.igeek.dao.split.DynamicDataSourceHolder - 所使用的数据源为：master
2019-09-03 20:59:28.230[main] DEBUG com.igeek.dao.ShopDao.queryByShopId - ==>  Preparing: SELECT s.shop_id, s.shop_name, s.shop_desc, s.shop_addr, s.phone, s.shop_img, s.priority, s.create_time, s.last_edit_time, s.enable_status, s.advice, a.area_id, a.area_name, /*a.priority, a.create_time, a.last_edit_time,*/ sc.shop_category_id, sc.shop_category_name /*sc.shop_category_desc, sc.shop_category_img, sc.priority, sc.create_time, sc.last_edit_time,*/ /*p.user_id, p.name, p.profile_img, p.email, p.gender, p.enable_status, p.user_type, p.create_time, p.last_edit_time*/ FROM tb_shop AS s, tb_area AS a, tb_shop_category AS sc /*tb_person_info AS p*/ WHERE s.shop_id = ? AND s.area_id = a.area_id AND s.shop_category_id = sc.shop_category_id; 
2019-09-03 20:59:28.240[main] DEBUG com.igeek.dao.ShopDao.queryByShopId - ==> Parameters: 1(Long)
2019-09-03 20:59:28.240[main] DEBUG com.igeek.dao.ShopDao.queryByShopId - <==      Total: 1
2019-09-03 20:59:28.500[main] DEBUG com.igeek.dao.split.DynamicDataSourceInterceptor - 设置方法[com.igeek.dao.ShopDao.updateShop] use[master] Strategy,SqlCommanType[UPDATE]...
2019-09-03 20:59:28.500[main] DEBUG com.igeek.dao.split.DynamicDataSourceHolder - 所使用的数据源为：master
2019-09-03 20:59:28.530[main] DEBUG com.igeek.dao.ShopDao.updateShop - ==>  Preparing: UPDATE tb_shop SET shop_name = ?, shop_desc = ?, shop_addr = ?, phone = ?, shop_img = ?, priority = ?, last_edit_time = ?, enable_status = ?, advice = ?, area_id = ?, shop_category_id = ? WHERE shop_id=? 
2019-09-03 20:59:28.530[main] DEBUG com.igeek.dao.ShopDao.updateShop - ==> Parameters: 更新的店铺1(String), 测试描述(String), 测试地址(String), 测试(String), upload\item\shop\1\2019090320592842643.jpg(String), 1(Integer), 2019-09-03 20:59:28.5(Timestamp), 1(Integer), 审核中(String), 1(Integer), 1(Long), 1(Long)
2019-09-03 20:59:28.530[main] DEBUG com.igeek.dao.ShopDao.updateShop - <==    Updates: 1
2019-09-03 20:59:28.530[main] DEBUG com.igeek.dao.split.DynamicDataSourceInterceptor - 设置方法[com.igeek.dao.ShopDao.queryByShopId] use[master] Strategy,SqlCommanType[SELECT]...
2019-09-03 20:59:28.530[main] DEBUG com.igeek.dao.split.DynamicDataSourceHolder - 所使用的数据源为：master
2019-09-03 20:59:28.530[main] DEBUG com.igeek.dao.ShopDao.queryByShopId - ==>  Preparing: SELECT s.shop_id, s.shop_name, s.shop_desc, s.shop_addr, s.phone, s.shop_img, s.priority, s.create_time, s.last_edit_time, s.enable_status, s.advice, a.area_id, a.area_name, /*a.priority, a.create_time, a.last_edit_time,*/ sc.shop_category_id, sc.shop_category_name /*sc.shop_category_desc, sc.shop_category_img, sc.priority, sc.create_time, sc.last_edit_time,*/ /*p.user_id, p.name, p.profile_img, p.email, p.gender, p.enable_status, p.user_type, p.create_time, p.last_edit_time*/ FROM tb_shop AS s, tb_area AS a, tb_shop_category AS sc /*tb_person_info AS p*/ WHERE s.shop_id = ? AND s.area_id = a.area_id AND s.shop_category_id = sc.shop_category_id; 
2019-09-03 20:59:28.530[main] DEBUG com.igeek.dao.ShopDao.queryByShopId - ==> Parameters: 1(Long)
2019-09-03 20:59:28.530[main] DEBUG com.igeek.dao.ShopDao.queryByShopId - <==      Total: 1
2019-09-03 21:01:18.596[main] DEBUG com.igeek.dao.split.DynamicDataSourceInterceptor - 设置方法[com.igeek.dao.ShopDao.queryByShopId] use[slave] Strategy,SqlCommanType[SELECT]...
2019-09-03 21:01:18.596[main] DEBUG com.igeek.dao.split.DynamicDataSourceHolder - 所使用的数据源为：slave
2019-09-03 21:01:18.616[main] DEBUG com.igeek.dao.ShopDao.queryByShopId - ==>  Preparing: SELECT s.shop_id, s.shop_name, s.shop_desc, s.shop_addr, s.phone, s.shop_img, s.priority, s.create_time, s.last_edit_time, s.enable_status, s.advice, a.area_id, a.area_name, /*a.priority, a.create_time, a.last_edit_time,*/ sc.shop_category_id, sc.shop_category_name /*sc.shop_category_desc, sc.shop_category_img, sc.priority, sc.create_time, sc.last_edit_time,*/ /*p.user_id, p.name, p.profile_img, p.email, p.gender, p.enable_status, p.user_type, p.create_time, p.last_edit_time*/ FROM tb_shop AS s, tb_area AS a, tb_shop_category AS sc /*tb_person_info AS p*/ WHERE s.shop_id = ? AND s.area_id = a.area_id AND s.shop_category_id = sc.shop_category_id; 
2019-09-03 21:01:18.666[main] DEBUG com.igeek.dao.ShopDao.queryByShopId - ==> Parameters: 1(Long)
2019-09-03 21:01:18.686[main] DEBUG com.igeek.dao.ShopDao.queryByShopId - <==      Total: 1
2019-09-03 21:01:18.706[main] DEBUG com.igeek.dao.split.DynamicDataSourceInterceptor - 设置方法[com.igeek.dao.ShopDao.queryByShopId] use[master] Strategy,SqlCommanType[SELECT]...
2019-09-03 21:01:18.706[main] DEBUG com.igeek.dao.split.DynamicDataSourceHolder - 所使用的数据源为：master
2019-09-03 21:01:18.706[main] DEBUG com.igeek.dao.ShopDao.queryByShopId - ==>  Preparing: SELECT s.shop_id, s.shop_name, s.shop_desc, s.shop_addr, s.phone, s.shop_img, s.priority, s.create_time, s.last_edit_time, s.enable_status, s.advice, a.area_id, a.area_name, /*a.priority, a.create_time, a.last_edit_time,*/ sc.shop_category_id, sc.shop_category_name /*sc.shop_category_desc, sc.shop_category_img, sc.priority, sc.create_time, sc.last_edit_time,*/ /*p.user_id, p.name, p.profile_img, p.email, p.gender, p.enable_status, p.user_type, p.create_time, p.last_edit_time*/ FROM tb_shop AS s, tb_area AS a, tb_shop_category AS sc /*tb_person_info AS p*/ WHERE s.shop_id = ? AND s.area_id = a.area_id AND s.shop_category_id = sc.shop_category_id; 
2019-09-03 21:01:18.706[main] DEBUG com.igeek.dao.ShopDao.queryByShopId - ==> Parameters: 1(Long)
2019-09-03 21:01:18.706[main] DEBUG com.igeek.dao.ShopDao.queryByShopId - <==      Total: 1
2019-09-03 21:01:18.876[main] DEBUG com.igeek.dao.split.DynamicDataSourceInterceptor - 设置方法[com.igeek.dao.ShopDao.updateShop] use[master] Strategy,SqlCommanType[UPDATE]...
2019-09-03 21:01:18.876[main] DEBUG com.igeek.dao.split.DynamicDataSourceHolder - 所使用的数据源为：master
2019-09-03 21:01:18.906[main] DEBUG com.igeek.dao.ShopDao.updateShop - ==>  Preparing: UPDATE tb_shop SET shop_name = ?, shop_desc = ?, shop_addr = ?, phone = ?, shop_img = ?, priority = ?, last_edit_time = ?, enable_status = ?, advice = ?, area_id = ?, shop_category_id = ? WHERE shop_id=? 
2019-09-03 21:01:18.906[main] DEBUG com.igeek.dao.ShopDao.updateShop - ==> Parameters: 更新的店铺1(String), 测试描述(String), 测试地址(String), 测试(String), upload\item\shop\1\2019090321011836899.jpg(String), 1(Integer), 2019-09-03 21:01:18.876(Timestamp), 1(Integer), 审核中(String), 1(Integer), 1(Long), 1(Long)
2019-09-03 21:01:18.906[main] DEBUG com.igeek.dao.ShopDao.updateShop - <==    Updates: 1
2019-09-03 21:01:18.906[main] DEBUG com.igeek.dao.split.DynamicDataSourceInterceptor - 设置方法[com.igeek.dao.ShopDao.queryByShopId] use[master] Strategy,SqlCommanType[SELECT]...
2019-09-03 21:01:18.906[main] DEBUG com.igeek.dao.split.DynamicDataSourceHolder - 所使用的数据源为：master
2019-09-03 21:01:18.906[main] DEBUG com.igeek.dao.ShopDao.queryByShopId - ==>  Preparing: SELECT s.shop_id, s.shop_name, s.shop_desc, s.shop_addr, s.phone, s.shop_img, s.priority, s.create_time, s.last_edit_time, s.enable_status, s.advice, a.area_id, a.area_name, /*a.priority, a.create_time, a.last_edit_time,*/ sc.shop_category_id, sc.shop_category_name /*sc.shop_category_desc, sc.shop_category_img, sc.priority, sc.create_time, sc.last_edit_time,*/ /*p.user_id, p.name, p.profile_img, p.email, p.gender, p.enable_status, p.user_type, p.create_time, p.last_edit_time*/ FROM tb_shop AS s, tb_area AS a, tb_shop_category AS sc /*tb_person_info AS p*/ WHERE s.shop_id = ? AND s.area_id = a.area_id AND s.shop_category_id = sc.shop_category_id; 
2019-09-03 21:01:18.906[main] DEBUG com.igeek.dao.ShopDao.queryByShopId - ==> Parameters: 1(Long)
2019-09-03 21:01:18.916[main] DEBUG com.igeek.dao.ShopDao.queryByShopId - <==      Total: 1
2019-09-03 21:22:00.197[main] DEBUG com.igeek.dao.split.DynamicDataSourceInterceptor - 设置方法[com.igeek.dao.ShopDao.queryByShopId] use[slave] Strategy,SqlCommanType[SELECT]...
2019-09-03 21:22:00.197[main] DEBUG com.igeek.dao.split.DynamicDataSourceHolder - 所使用的数据源为：slave
2019-09-03 21:22:00.207[main] DEBUG com.igeek.dao.ShopDao.queryByShopId - ==>  Preparing: SELECT s.shop_id, s.shop_name, s.shop_desc, s.shop_addr, s.phone, s.shop_img, s.priority, s.create_time, s.last_edit_time, s.enable_status, s.advice, a.area_id, a.area_name, /*a.priority, a.create_time, a.last_edit_time,*/ sc.shop_category_id, sc.shop_category_name /*sc.shop_category_desc, sc.shop_category_img, sc.priority, sc.create_time, sc.last_edit_time,*/ /*p.user_id, p.name, p.profile_img, p.email, p.gender, p.enable_status, p.user_type, p.create_time, p.last_edit_time*/ FROM tb_shop AS s, tb_area AS a, tb_shop_category AS sc /*tb_person_info AS p*/ WHERE s.shop_id = ? AND s.area_id = a.area_id AND s.shop_category_id = sc.shop_category_id; 
2019-09-03 21:22:00.257[main] DEBUG com.igeek.dao.ShopDao.queryByShopId - ==> Parameters: 1(Long)
2019-09-03 21:22:00.287[main] DEBUG com.igeek.dao.ShopDao.queryByShopId - <==      Total: 1
2019-09-03 21:22:00.297[main] DEBUG com.igeek.dao.split.DynamicDataSourceInterceptor - 设置方法[com.igeek.dao.ShopDao.updateShop] use[master] Strategy,SqlCommanType[UPDATE]...
2019-09-03 21:22:00.297[main] DEBUG com.igeek.dao.split.DynamicDataSourceHolder - 所使用的数据源为：master
2019-09-03 21:22:00.327[main] DEBUG com.igeek.dao.ShopDao.updateShop - ==>  Preparing: UPDATE tb_shop SET shop_name = ?, shop_desc = ?, shop_addr = ?, phone = ?, shop_img = ?, priority = ?, last_edit_time = ?, enable_status = ?, advice = ?, area_id = ?, shop_category_id = ? WHERE shop_id=? 
2019-09-03 21:22:00.327[main] DEBUG com.igeek.dao.ShopDao.updateShop - ==> Parameters: 更新的店铺1(String), 测试描述(String), 测试地址(String), 测试(String), upload\item\shop\1\2019090321011836899.jpg(String), 1(Integer), 2019-09-03 21:22:00.297(Timestamp), 1(Integer), 审核中(String), 1(Integer), 1(Long), 1(Long)
2019-09-03 21:22:00.327[main] DEBUG com.igeek.dao.ShopDao.updateShop - <==    Updates: 1
2019-09-03 21:22:00.327[main] DEBUG com.igeek.dao.split.DynamicDataSourceInterceptor - 设置方法[com.igeek.dao.ShopDao.queryByShopId] use[master] Strategy,SqlCommanType[SELECT]...
2019-09-03 21:22:00.327[main] DEBUG com.igeek.dao.split.DynamicDataSourceHolder - 所使用的数据源为：master
2019-09-03 21:22:00.337[main] DEBUG com.igeek.dao.ShopDao.queryByShopId - ==>  Preparing: SELECT s.shop_id, s.shop_name, s.shop_desc, s.shop_addr, s.phone, s.shop_img, s.priority, s.create_time, s.last_edit_time, s.enable_status, s.advice, a.area_id, a.area_name, /*a.priority, a.create_time, a.last_edit_time,*/ sc.shop_category_id, sc.shop_category_name /*sc.shop_category_desc, sc.shop_category_img, sc.priority, sc.create_time, sc.last_edit_time,*/ /*p.user_id, p.name, p.profile_img, p.email, p.gender, p.enable_status, p.user_type, p.create_time, p.last_edit_time*/ FROM tb_shop AS s, tb_area AS a, tb_shop_category AS sc /*tb_person_info AS p*/ WHERE s.shop_id = ? AND s.area_id = a.area_id AND s.shop_category_id = sc.shop_category_id; 
2019-09-03 21:22:00.337[main] DEBUG com.igeek.dao.ShopDao.queryByShopId - ==> Parameters: 1(Long)
2019-09-03 21:22:00.337[main] DEBUG com.igeek.dao.ShopDao.queryByShopId - <==      Total: 1
2019-09-03 21:22:47.762[main] DEBUG com.igeek.dao.split.DynamicDataSourceInterceptor - 设置方法[com.igeek.dao.ShopDao.queryByShopId] use[slave] Strategy,SqlCommanType[SELECT]...
2019-09-03 21:22:47.762[main] DEBUG com.igeek.dao.split.DynamicDataSourceHolder - 所使用的数据源为：slave
2019-09-03 21:22:47.772[main] DEBUG com.igeek.dao.ShopDao.queryByShopId - ==>  Preparing: SELECT s.shop_id, s.shop_name, s.shop_desc, s.shop_addr, s.phone, s.shop_img, s.priority, s.create_time, s.last_edit_time, s.enable_status, s.advice, a.area_id, a.area_name, /*a.priority, a.create_time, a.last_edit_time,*/ sc.shop_category_id, sc.shop_category_name /*sc.shop_category_desc, sc.shop_category_img, sc.priority, sc.create_time, sc.last_edit_time,*/ /*p.user_id, p.name, p.profile_img, p.email, p.gender, p.enable_status, p.user_type, p.create_time, p.last_edit_time*/ FROM tb_shop AS s, tb_area AS a, tb_shop_category AS sc /*tb_person_info AS p*/ WHERE s.shop_id = ? AND s.area_id = a.area_id AND s.shop_category_id = sc.shop_category_id; 
2019-09-03 21:22:47.827[main] DEBUG com.igeek.dao.ShopDao.queryByShopId - ==> Parameters: 1(Long)
2019-09-03 21:22:47.851[main] DEBUG com.igeek.dao.ShopDao.queryByShopId - <==      Total: 1
2019-09-03 21:22:47.862[main] DEBUG com.igeek.dao.split.DynamicDataSourceInterceptor - 设置方法[com.igeek.dao.ShopDao.updateShop] use[master] Strategy,SqlCommanType[UPDATE]...
2019-09-03 21:22:47.862[main] DEBUG com.igeek.dao.split.DynamicDataSourceHolder - 所使用的数据源为：master
2019-09-03 21:22:47.886[main] DEBUG com.igeek.dao.ShopDao.updateShop - ==>  Preparing: UPDATE tb_shop SET shop_name = ?, shop_desc = ?, shop_addr = ?, phone = ?, shop_img = ?, priority = ?, last_edit_time = ?, enable_status = ?, advice = ?, area_id = ?, shop_category_id = ? WHERE shop_id=? 
2019-09-03 21:22:47.890[main] DEBUG com.igeek.dao.ShopDao.updateShop - ==> Parameters: 更新的店铺1(String), 测试描述(String), 测试地址(String), 测试(String), upload\item\shop\1\2019090321011836899.jpg(String), 1(Integer), 2019-09-03 21:22:47.862(Timestamp), 1(Integer), 审核中(String), 1(Integer), 1(Long), 1(Long)
2019-09-03 21:22:47.890[main] DEBUG com.igeek.dao.ShopDao.updateShop - <==    Updates: 1
2019-09-03 21:22:47.890[main] DEBUG com.igeek.dao.split.DynamicDataSourceInterceptor - 设置方法[com.igeek.dao.ShopDao.queryByShopId] use[master] Strategy,SqlCommanType[SELECT]...
2019-09-03 21:22:47.890[main] DEBUG com.igeek.dao.split.DynamicDataSourceHolder - 所使用的数据源为：master
2019-09-03 21:22:47.890[main] DEBUG com.igeek.dao.ShopDao.queryByShopId - ==>  Preparing: SELECT s.shop_id, s.shop_name, s.shop_desc, s.shop_addr, s.phone, s.shop_img, s.priority, s.create_time, s.last_edit_time, s.enable_status, s.advice, a.area_id, a.area_name, /*a.priority, a.create_time, a.last_edit_time,*/ sc.shop_category_id, sc.shop_category_name /*sc.shop_category_desc, sc.shop_category_img, sc.priority, sc.create_time, sc.last_edit_time,*/ /*p.user_id, p.name, p.profile_img, p.email, p.gender, p.enable_status, p.user_type, p.create_time, p.last_edit_time*/ FROM tb_shop AS s, tb_area AS a, tb_shop_category AS sc /*tb_person_info AS p*/ WHERE s.shop_id = ? AND s.area_id = a.area_id AND s.shop_category_id = sc.shop_category_id; 
2019-09-03 21:22:47.890[main] DEBUG com.igeek.dao.ShopDao.queryByShopId - ==> Parameters: 1(Long)
2019-09-03 21:22:47.894[main] DEBUG com.igeek.dao.ShopDao.queryByShopId - <==      Total: 1
2019-09-03 21:29:12.970[main] DEBUG com.igeek.dao.split.DynamicDataSourceInterceptor - 设置方法[com.igeek.dao.ShopDao.queryByShopId] use[slave] Strategy,SqlCommanType[SELECT]...
2019-09-03 21:29:12.972[main] DEBUG com.igeek.dao.split.DynamicDataSourceHolder - 所使用的数据源为：slave
2019-09-03 21:29:12.984[main] DEBUG com.igeek.dao.ShopDao.queryByShopId - ==>  Preparing: SELECT s.shop_id, s.shop_name, s.shop_desc, s.shop_addr, s.phone, s.shop_img, s.priority, s.create_time, s.last_edit_time, s.enable_status, s.advice, a.area_id, a.area_name, /*a.priority, a.create_time, a.last_edit_time,*/ sc.shop_category_id, sc.shop_category_name /*sc.shop_category_desc, sc.shop_category_img, sc.priority, sc.create_time, sc.last_edit_time,*/ /*p.user_id, p.name, p.profile_img, p.email, p.gender, p.enable_status, p.user_type, p.create_time, p.last_edit_time*/ FROM tb_shop AS s, tb_area AS a, tb_shop_category AS sc /*tb_person_info AS p*/ WHERE s.shop_id = ? AND s.area_id = a.area_id AND s.shop_category_id = sc.shop_category_id; 
2019-09-03 21:29:13.027[main] DEBUG com.igeek.dao.ShopDao.queryByShopId - ==> Parameters: 1(Long)
2019-09-03 21:29:13.062[main] DEBUG com.igeek.dao.ShopDao.queryByShopId - <==      Total: 1
2019-09-03 21:29:13.077[main] DEBUG com.igeek.dao.split.DynamicDataSourceInterceptor - 设置方法[com.igeek.dao.ShopDao.queryByShopId] use[master] Strategy,SqlCommanType[SELECT]...
2019-09-03 21:29:13.077[main] DEBUG com.igeek.dao.split.DynamicDataSourceHolder - 所使用的数据源为：master
2019-09-03 21:29:13.077[main] DEBUG com.igeek.dao.ShopDao.queryByShopId - ==>  Preparing: SELECT s.shop_id, s.shop_name, s.shop_desc, s.shop_addr, s.phone, s.shop_img, s.priority, s.create_time, s.last_edit_time, s.enable_status, s.advice, a.area_id, a.area_name, /*a.priority, a.create_time, a.last_edit_time,*/ sc.shop_category_id, sc.shop_category_name /*sc.shop_category_desc, sc.shop_category_img, sc.priority, sc.create_time, sc.last_edit_time,*/ /*p.user_id, p.name, p.profile_img, p.email, p.gender, p.enable_status, p.user_type, p.create_time, p.last_edit_time*/ FROM tb_shop AS s, tb_area AS a, tb_shop_category AS sc /*tb_person_info AS p*/ WHERE s.shop_id = ? AND s.area_id = a.area_id AND s.shop_category_id = sc.shop_category_id; 
2019-09-03 21:29:13.078[main] DEBUG com.igeek.dao.ShopDao.queryByShopId - ==> Parameters: 1(Long)
2019-09-03 21:29:13.080[main] DEBUG com.igeek.dao.ShopDao.queryByShopId - <==      Total: 1
2019-09-03 21:29:13.237[main] DEBUG com.igeek.dao.split.DynamicDataSourceInterceptor - 设置方法[com.igeek.dao.ShopDao.updateShop] use[master] Strategy,SqlCommanType[UPDATE]...
2019-09-03 21:29:13.237[main] DEBUG com.igeek.dao.split.DynamicDataSourceHolder - 所使用的数据源为：master
2019-09-03 21:29:13.260[main] DEBUG com.igeek.dao.ShopDao.updateShop - ==>  Preparing: UPDATE tb_shop SET shop_name = ?, shop_desc = ?, shop_addr = ?, phone = ?, shop_img = ?, priority = ?, last_edit_time = ?, enable_status = ?, advice = ?, area_id = ?, shop_category_id = ? WHERE shop_id=? 
2019-09-03 21:29:13.263[main] DEBUG com.igeek.dao.ShopDao.updateShop - ==> Parameters: 更新的店铺1(String), 测试描述(String), 测试地址(String), 测试(String), upload\item\shop\1\2019090321291385028.jpg(String), 1(Integer), 2019-09-03 21:29:13.237(Timestamp), 1(Integer), 审核中(String), 1(Integer), 1(Long), 1(Long)
2019-09-03 21:29:13.264[main] DEBUG com.igeek.dao.ShopDao.updateShop - <==    Updates: 1
2019-09-03 21:29:13.265[main] DEBUG com.igeek.dao.split.DynamicDataSourceInterceptor - 设置方法[com.igeek.dao.ShopDao.queryByShopId] use[master] Strategy,SqlCommanType[SELECT]...
2019-09-03 21:29:13.265[main] DEBUG com.igeek.dao.split.DynamicDataSourceHolder - 所使用的数据源为：master
2019-09-03 21:29:13.265[main] DEBUG com.igeek.dao.ShopDao.queryByShopId - ==>  Preparing: SELECT s.shop_id, s.shop_name, s.shop_desc, s.shop_addr, s.phone, s.shop_img, s.priority, s.create_time, s.last_edit_time, s.enable_status, s.advice, a.area_id, a.area_name, /*a.priority, a.create_time, a.last_edit_time,*/ sc.shop_category_id, sc.shop_category_name /*sc.shop_category_desc, sc.shop_category_img, sc.priority, sc.create_time, sc.last_edit_time,*/ /*p.user_id, p.name, p.profile_img, p.email, p.gender, p.enable_status, p.user_type, p.create_time, p.last_edit_time*/ FROM tb_shop AS s, tb_area AS a, tb_shop_category AS sc /*tb_person_info AS p*/ WHERE s.shop_id = ? AND s.area_id = a.area_id AND s.shop_category_id = sc.shop_category_id; 
2019-09-03 21:29:13.265[main] DEBUG com.igeek.dao.ShopDao.queryByShopId - ==> Parameters: 1(Long)
2019-09-03 21:29:13.267[main] DEBUG com.igeek.dao.ShopDao.queryByShopId - <==      Total: 1
