2019-08-27 19:30:39,888 0      [           main] INFO         com.mchange.v2.log.MLog  - MLog clients using log4j logging.
2019-08-27 19:30:40,478 590    [           main] INFO  m.mchange.v2.c3p0.C3P0Registry  - Initializing c3p0-0.9.1.2 [built 21-May-2007 15:04:56; debug? true; trace: 10]
2019-08-27 19:30:40,488 600    [           main] DEBUG icPooledDataSourceManagerMBean  - MBean: com.mchange.v2.c3p0:type=PooledDataSource[1hge1aaa41mi1k8y1fs5sca|70325e14] registered.
2019-08-27 19:30:40,878 990    [           main] DEBUG resourcepool.BasicResourcePool  - incremented pending_acquires: 1
2019-08-27 19:30:40,878 990    [           main] DEBUG resourcepool.BasicResourcePool  - incremented pending_acquires: 2
2019-08-27 19:30:40,878 990    [           main] DEBUG resourcepool.BasicResourcePool  - incremented pending_acquires: 3
2019-08-27 19:30:40,878 990    [           main] DEBUG resourcepool.BasicResourcePool  - incremented pending_acquires: 4
2019-08-27 19:30:40,878 990    [           main] DEBUG resourcepool.BasicResourcePool  - incremented pending_acquires: 5
2019-08-27 19:30:40,878 990    [           main] DEBUG resourcepool.BasicResourcePool  - incremented pending_acquires: 6
2019-08-27 19:30:40,878 990    [           main] DEBUG resourcepool.BasicResourcePool  - incremented pending_acquires: 7
2019-08-27 19:30:40,878 990    [           main] DEBUG resourcepool.BasicResourcePool  - incremented pending_acquires: 8
2019-08-27 19:30:40,878 990    [           main] DEBUG resourcepool.BasicResourcePool  - incremented pending_acquires: 9
2019-08-27 19:30:40,878 990    [           main] DEBUG resourcepool.BasicResourcePool  - incremented pending_acquires: 10
2019-08-27 19:30:40,878 990    [           main] DEBUG resourcepool.BasicResourcePool  - com.mchange.v2.resourcepool.BasicResourcePool@4fa1c212 config: [start -> 3; min -> 10; max -> 30; inc -> 3; num_acq_attempts -> 2; acq_attempt_delay -> 1000; check_idle_resources_delay -> 0; mox_resource_age -> 0; max_idle_time -> 0; excess_max_idle_time -> 0; destroy_unreturned_resc_time -> 0; expiration_enforcement_delay -> 0; break_on_acquisition_failure -> false; debug_store_checkout_exceptions -> false]
2019-08-27 19:30:40,878 990    [           main] INFO  l.AbstractPoolBackedDataSource  - Initializing c3p0 pool... com.mchange.v2.c3p0.ComboPooledDataSource [ acquireIncrement -> 3, acquireRetryAttempts -> 2, acquireRetryDelay -> 1000, autoCommitOnClose -> false, automaticTestTable -> null, breakAfterAcquireFailure -> false, checkoutTimeout -> 10000, connectionCustomizerClassName -> null, connectionTesterClassName -> com.mchange.v2.c3p0.impl.DefaultConnectionTester, dataSourceName -> 1hge1aaa41mi1k8y1fs5sca|70325e14, debugUnreturnedConnectionStackTraces -> false, description -> null, driverClass -> com.mysql.jdbc.Driver, factoryClassLocation -> null, forceIgnoreUnresolvedTransactions -> false, identityToken -> 1hge1aaa41mi1k8y1fs5sca|70325e14, idleConnectionTestPeriod -> 0, initialPoolSize -> 3, jdbcUrl -> jdbc:mysql://localhost:3306/schoolshop?useUnicode=true&characterEncoding=utf8, maxAdministrativeTaskTime -> 0, maxConnectionAge -> 0, maxIdleTime -> 0, maxIdleTimeExcessConnections -> 0, maxPoolSize -> 30, maxStatements -> 0, maxStatementsPerConnection -> 0, minPoolSize -> 10, numHelperThreads -> 3, numThreadsAwaitingCheckoutDefaultUser -> 0, preferredTestQuery -> null, properties -> {user=******, password=******}, propertyCycle -> 0, testConnectionOnCheckin -> false, testConnectionOnCheckout -> false, unreturnedConnectionTimeout -> 0, usesTraditionalReflectiveProxies -> false ]
2019-08-27 19:30:40,878 990    [           main] DEBUG resourcepool.BasicResourcePool  - acquire test -- pool size: 0; target_pool_size: 10; desired target? 1
2019-08-27 19:30:40,878 990    [           main] DEBUG resourcepool.BasicResourcePool  - awaitAvailable(): [unknown]
2019-08-27 19:30:40,878 990    [           main] DEBUG resourcepool.BasicResourcePool  - trace com.mchange.v2.resourcepool.BasicResourcePool@4fa1c212 [managed: 0, unused: 0, excluded: 0]
2019-08-27 19:30:41,047 1159   [r$PoolThread-#1] DEBUG .impl.C3P0PooledConnectionPool  - com.mchange.v2.c3p0.impl.C3P0PooledConnectionPool$1PooledConnectionResourcePoolManager@2ebdfbe.acquireResource() returning. 
2019-08-27 19:30:41,047 1159   [r$PoolThread-#0] DEBUG .impl.C3P0PooledConnectionPool  - com.mchange.v2.c3p0.impl.C3P0PooledConnectionPool$1PooledConnectionResourcePoolManager@2ebdfbe.acquireResource() returning. 
2019-08-27 19:30:41,047 1159   [r$PoolThread-#2] DEBUG .impl.C3P0PooledConnectionPool  - com.mchange.v2.c3p0.impl.C3P0PooledConnectionPool$1PooledConnectionResourcePoolManager@2ebdfbe.acquireResource() returning. 
2019-08-27 19:30:41,047 1159   [r$PoolThread-#1] DEBUG resourcepool.BasicResourcePool  - trace com.mchange.v2.resourcepool.BasicResourcePool@4fa1c212 [managed: 1, unused: 1, excluded: 0]
2019-08-27 19:30:41,047 1159   [r$PoolThread-#1] DEBUG resourcepool.BasicResourcePool  - decremented pending_acquires: 9
2019-08-27 19:30:41,047 1159   [           main] DEBUG resourcepool.BasicResourcePool  - trace com.mchange.v2.resourcepool.BasicResourcePool@4fa1c212 [managed: 1, unused: 0, excluded: 0] (e.g. com.mchange.v2.c3p0.impl.NewPooledConnection@6b6e5309)
2019-08-27 19:30:41,047 1159   [r$PoolThread-#2] DEBUG resourcepool.BasicResourcePool  - trace com.mchange.v2.resourcepool.BasicResourcePool@4fa1c212 [managed: 2, unused: 1, excluded: 0] (e.g. com.mchange.v2.c3p0.impl.NewPooledConnection@6b6e5309)
2019-08-27 19:30:41,047 1159   [r$PoolThread-#2] DEBUG resourcepool.BasicResourcePool  - decremented pending_acquires: 8
2019-08-27 19:30:41,047 1159   [r$PoolThread-#0] DEBUG resourcepool.BasicResourcePool  - trace com.mchange.v2.resourcepool.BasicResourcePool@4fa1c212 [managed: 3, unused: 2, excluded: 0] (e.g. com.mchange.v2.c3p0.impl.NewPooledConnection@6b6e5309)
2019-08-27 19:30:41,047 1159   [r$PoolThread-#0] DEBUG resourcepool.BasicResourcePool  - decremented pending_acquires: 7
2019-08-27 19:30:41,067 1179   [r$PoolThread-#1] DEBUG .impl.C3P0PooledConnectionPool  - com.mchange.v2.c3p0.impl.C3P0PooledConnectionPool$1PooledConnectionResourcePoolManager@2ebdfbe.acquireResource() returning. 
2019-08-27 19:30:41,067 1179   [r$PoolThread-#2] DEBUG .impl.C3P0PooledConnectionPool  - com.mchange.v2.c3p0.impl.C3P0PooledConnectionPool$1PooledConnectionResourcePoolManager@2ebdfbe.acquireResource() returning. 
2019-08-27 19:30:41,067 1179   [r$PoolThread-#1] DEBUG resourcepool.BasicResourcePool  - trace com.mchange.v2.resourcepool.BasicResourcePool@4fa1c212 [managed: 4, unused: 3, excluded: 0] (e.g. com.mchange.v2.c3p0.impl.NewPooledConnection@6b6e5309)
2019-08-27 19:30:41,067 1179   [r$PoolThread-#1] DEBUG resourcepool.BasicResourcePool  - decremented pending_acquires: 6
2019-08-27 19:30:41,067 1179   [r$PoolThread-#2] DEBUG resourcepool.BasicResourcePool  - trace com.mchange.v2.resourcepool.BasicResourcePool@4fa1c212 [managed: 5, unused: 4, excluded: 0] (e.g. com.mchange.v2.c3p0.impl.NewPooledConnection@6b6e5309)
2019-08-27 19:30:41,067 1179   [r$PoolThread-#2] DEBUG resourcepool.BasicResourcePool  - decremented pending_acquires: 5
2019-08-27 19:30:41,067 1179   [r$PoolThread-#0] DEBUG .impl.C3P0PooledConnectionPool  - com.mchange.v2.c3p0.impl.C3P0PooledConnectionPool$1PooledConnectionResourcePoolManager@2ebdfbe.acquireResource() returning. 
2019-08-27 19:30:41,067 1179   [r$PoolThread-#0] DEBUG resourcepool.BasicResourcePool  - trace com.mchange.v2.resourcepool.BasicResourcePool@4fa1c212 [managed: 6, unused: 5, excluded: 0] (e.g. com.mchange.v2.c3p0.impl.NewPooledConnection@6b6e5309)
2019-08-27 19:30:41,067 1179   [r$PoolThread-#0] DEBUG resourcepool.BasicResourcePool  - decremented pending_acquires: 4
2019-08-27 19:30:41,077 1189   [r$PoolThread-#2] DEBUG .impl.C3P0PooledConnectionPool  - com.mchange.v2.c3p0.impl.C3P0PooledConnectionPool$1PooledConnectionResourcePoolManager@2ebdfbe.acquireResource() returning. 
2019-08-27 19:30:41,077 1189   [r$PoolThread-#2] DEBUG resourcepool.BasicResourcePool  - trace com.mchange.v2.resourcepool.BasicResourcePool@4fa1c212 [managed: 7, unused: 6, excluded: 0] (e.g. com.mchange.v2.c3p0.impl.NewPooledConnection@6b6e5309)
2019-08-27 19:30:41,077 1189   [r$PoolThread-#2] DEBUG resourcepool.BasicResourcePool  - decremented pending_acquires: 3
2019-08-27 19:30:41,077 1189   [r$PoolThread-#0] DEBUG .impl.C3P0PooledConnectionPool  - com.mchange.v2.c3p0.impl.C3P0PooledConnectionPool$1PooledConnectionResourcePoolManager@2ebdfbe.acquireResource() returning. 
2019-08-27 19:30:41,077 1189   [r$PoolThread-#0] DEBUG resourcepool.BasicResourcePool  - trace com.mchange.v2.resourcepool.BasicResourcePool@4fa1c212 [managed: 8, unused: 7, excluded: 0] (e.g. com.mchange.v2.c3p0.impl.NewPooledConnection@6b6e5309)
2019-08-27 19:30:41,077 1189   [r$PoolThread-#0] DEBUG resourcepool.BasicResourcePool  - decremented pending_acquires: 2
2019-08-27 19:30:41,087 1199   [r$PoolThread-#1] DEBUG .impl.C3P0PooledConnectionPool  - com.mchange.v2.c3p0.impl.C3P0PooledConnectionPool$1PooledConnectionResourcePoolManager@2ebdfbe.acquireResource() returning. 
2019-08-27 19:30:41,087 1199   [r$PoolThread-#1] DEBUG resourcepool.BasicResourcePool  - trace com.mchange.v2.resourcepool.BasicResourcePool@4fa1c212 [managed: 9, unused: 8, excluded: 0] (e.g. com.mchange.v2.c3p0.impl.NewPooledConnection@6b6e5309)
2019-08-27 19:30:41,087 1199   [r$PoolThread-#1] DEBUG resourcepool.BasicResourcePool  - decremented pending_acquires: 1
2019-08-27 19:30:41,087 1199   [r$PoolThread-#2] DEBUG .impl.C3P0PooledConnectionPool  - com.mchange.v2.c3p0.impl.C3P0PooledConnectionPool$1PooledConnectionResourcePoolManager@2ebdfbe.acquireResource() returning. 
2019-08-27 19:30:41,087 1199   [r$PoolThread-#2] DEBUG resourcepool.BasicResourcePool  - trace com.mchange.v2.resourcepool.BasicResourcePool@4fa1c212 [managed: 10, unused: 9, excluded: 0] (e.g. com.mchange.v2.c3p0.impl.NewPooledConnection@6b6e5309)
2019-08-27 19:30:41,087 1199   [r$PoolThread-#2] DEBUG resourcepool.BasicResourcePool  - decremented pending_acquires: 0
2019-08-27 19:30:41,127 1239   [           main] DEBUG resourcepool.BasicResourcePool  - trace com.mchange.v2.resourcepool.BasicResourcePool@4fa1c212 [managed: 10, unused: 9, excluded: 0] (e.g. com.mchange.v2.c3p0.impl.NewPooledConnection@6b6e5309)
2019-08-27 19:30:41,127 1239   [           main] DEBUG 2.c3p0.impl.NewProxyConnection  - com.mchange.v2.c3p0.impl.NewProxyConnection@3116c353: close() called more than once.
2019-08-27 19:31:08,270 0      [           main] INFO         com.mchange.v2.log.MLog  - MLog clients using log4j logging.
2019-08-27 19:31:08,869 599    [           main] INFO  m.mchange.v2.c3p0.C3P0Registry  - Initializing c3p0-0.9.1.2 [built 21-May-2007 15:04:56; debug? true; trace: 10]
2019-08-27 19:31:08,879 609    [           main] DEBUG icPooledDataSourceManagerMBean  - MBean: com.mchange.v2.c3p0:type=PooledDataSource[1hge1aaa41mi264s15kwfvx|70325e14] registered.
2019-08-27 19:31:09,349 1079   [           main] DEBUG resourcepool.BasicResourcePool  - incremented pending_acquires: 1
2019-08-27 19:31:09,349 1079   [           main] DEBUG resourcepool.BasicResourcePool  - incremented pending_acquires: 2
2019-08-27 19:31:09,349 1079   [           main] DEBUG resourcepool.BasicResourcePool  - incremented pending_acquires: 3
2019-08-27 19:31:09,349 1079   [           main] DEBUG resourcepool.BasicResourcePool  - incremented pending_acquires: 4
2019-08-27 19:31:09,349 1079   [           main] DEBUG resourcepool.BasicResourcePool  - incremented pending_acquires: 5
2019-08-27 19:31:09,349 1079   [           main] DEBUG resourcepool.BasicResourcePool  - incremented pending_acquires: 6
2019-08-27 19:31:09,349 1079   [           main] DEBUG resourcepool.BasicResourcePool  - incremented pending_acquires: 7
2019-08-27 19:31:09,349 1079   [           main] DEBUG resourcepool.BasicResourcePool  - incremented pending_acquires: 8
2019-08-27 19:31:09,349 1079   [           main] DEBUG resourcepool.BasicResourcePool  - incremented pending_acquires: 9
2019-08-27 19:31:09,349 1079   [           main] DEBUG resourcepool.BasicResourcePool  - incremented pending_acquires: 10
2019-08-27 19:31:09,349 1079   [           main] DEBUG resourcepool.BasicResourcePool  - com.mchange.v2.resourcepool.BasicResourcePool@4fa1c212 config: [start -> 3; min -> 10; max -> 30; inc -> 3; num_acq_attempts -> 2; acq_attempt_delay -> 1000; check_idle_resources_delay -> 0; mox_resource_age -> 0; max_idle_time -> 0; excess_max_idle_time -> 0; destroy_unreturned_resc_time -> 0; expiration_enforcement_delay -> 0; break_on_acquisition_failure -> false; debug_store_checkout_exceptions -> false]
2019-08-27 19:31:09,349 1079   [           main] INFO  l.AbstractPoolBackedDataSource  - Initializing c3p0 pool... com.mchange.v2.c3p0.ComboPooledDataSource [ acquireIncrement -> 3, acquireRetryAttempts -> 2, acquireRetryDelay -> 1000, autoCommitOnClose -> false, automaticTestTable -> null, breakAfterAcquireFailure -> false, checkoutTimeout -> 10000, connectionCustomizerClassName -> null, connectionTesterClassName -> com.mchange.v2.c3p0.impl.DefaultConnectionTester, dataSourceName -> 1hge1aaa41mi264s15kwfvx|70325e14, debugUnreturnedConnectionStackTraces -> false, description -> null, driverClass -> com.mysql.jdbc.Driver, factoryClassLocation -> null, forceIgnoreUnresolvedTransactions -> false, identityToken -> 1hge1aaa41mi264s15kwfvx|70325e14, idleConnectionTestPeriod -> 0, initialPoolSize -> 3, jdbcUrl -> jdbc:mysql://localhost:3306/schoolshop?useUnicode=true&characterEncoding=utf8, maxAdministrativeTaskTime -> 0, maxConnectionAge -> 0, maxIdleTime -> 0, maxIdleTimeExcessConnections -> 0, maxPoolSize -> 30, maxStatements -> 0, maxStatementsPerConnection -> 0, minPoolSize -> 10, numHelperThreads -> 3, numThreadsAwaitingCheckoutDefaultUser -> 0, preferredTestQuery -> null, properties -> {user=******, password=******}, propertyCycle -> 0, testConnectionOnCheckin -> false, testConnectionOnCheckout -> false, unreturnedConnectionTimeout -> 0, usesTraditionalReflectiveProxies -> false ]
2019-08-27 19:31:09,349 1079   [           main] DEBUG resourcepool.BasicResourcePool  - acquire test -- pool size: 0; target_pool_size: 10; desired target? 1
2019-08-27 19:31:09,349 1079   [           main] DEBUG resourcepool.BasicResourcePool  - awaitAvailable(): [unknown]
2019-08-27 19:31:09,349 1079   [           main] DEBUG resourcepool.BasicResourcePool  - trace com.mchange.v2.resourcepool.BasicResourcePool@4fa1c212 [managed: 0, unused: 0, excluded: 0]
2019-08-27 19:31:09,539 1269   [r$PoolThread-#2] DEBUG .impl.C3P0PooledConnectionPool  - com.mchange.v2.c3p0.impl.C3P0PooledConnectionPool$1PooledConnectionResourcePoolManager@3dd7d180.acquireResource() returning. 
2019-08-27 19:31:09,539 1269   [r$PoolThread-#1] DEBUG .impl.C3P0PooledConnectionPool  - com.mchange.v2.c3p0.impl.C3P0PooledConnectionPool$1PooledConnectionResourcePoolManager@3dd7d180.acquireResource() returning. 
2019-08-27 19:31:09,539 1269   [r$PoolThread-#0] DEBUG .impl.C3P0PooledConnectionPool  - com.mchange.v2.c3p0.impl.C3P0PooledConnectionPool$1PooledConnectionResourcePoolManager@3dd7d180.acquireResource() returning. 
2019-08-27 19:31:09,539 1269   [r$PoolThread-#2] DEBUG resourcepool.BasicResourcePool  - trace com.mchange.v2.resourcepool.BasicResourcePool@4fa1c212 [managed: 1, unused: 1, excluded: 0]
2019-08-27 19:31:09,539 1269   [r$PoolThread-#0] DEBUG resourcepool.BasicResourcePool  - trace com.mchange.v2.resourcepool.BasicResourcePool@4fa1c212 [managed: 2, unused: 1, excluded: 0] (e.g. com.mchange.v2.c3p0.impl.NewPooledConnection@7a95a8d6)
2019-08-27 19:31:09,539 1269   [r$PoolThread-#1] DEBUG resourcepool.BasicResourcePool  - trace com.mchange.v2.resourcepool.BasicResourcePool@4fa1c212 [managed: 3, unused: 2, excluded: 0] (e.g. com.mchange.v2.c3p0.impl.NewPooledConnection@7a95a8d6)
2019-08-27 19:31:09,539 1269   [r$PoolThread-#1] DEBUG resourcepool.BasicResourcePool  - decremented pending_acquires: 9
2019-08-27 19:31:09,539 1269   [r$PoolThread-#0] DEBUG resourcepool.BasicResourcePool  - decremented pending_acquires: 8
2019-08-27 19:31:09,539 1269   [           main] DEBUG resourcepool.BasicResourcePool  - trace com.mchange.v2.resourcepool.BasicResourcePool@4fa1c212 [managed: 3, unused: 2, excluded: 0] (e.g. com.mchange.v2.c3p0.impl.NewPooledConnection@7a95a8d6)
2019-08-27 19:31:09,539 1269   [r$PoolThread-#2] DEBUG resourcepool.BasicResourcePool  - decremented pending_acquires: 7
2019-08-27 19:31:09,559 1289   [r$PoolThread-#0] DEBUG .impl.C3P0PooledConnectionPool  - com.mchange.v2.c3p0.impl.C3P0PooledConnectionPool$1PooledConnectionResourcePoolManager@3dd7d180.acquireResource() returning. 
2019-08-27 19:31:09,559 1289   [r$PoolThread-#0] DEBUG resourcepool.BasicResourcePool  - trace com.mchange.v2.resourcepool.BasicResourcePool@4fa1c212 [managed: 4, unused: 3, excluded: 0] (e.g. com.mchange.v2.c3p0.impl.NewPooledConnection@7a95a8d6)
2019-08-27 19:31:09,559 1289   [r$PoolThread-#0] DEBUG resourcepool.BasicResourcePool  - decremented pending_acquires: 6
2019-08-27 19:31:09,559 1289   [r$PoolThread-#1] DEBUG .impl.C3P0PooledConnectionPool  - com.mchange.v2.c3p0.impl.C3P0PooledConnectionPool$1PooledConnectionResourcePoolManager@3dd7d180.acquireResource() returning. 
2019-08-27 19:31:09,559 1289   [r$PoolThread-#1] DEBUG resourcepool.BasicResourcePool  - trace com.mchange.v2.resourcepool.BasicResourcePool@4fa1c212 [managed: 5, unused: 4, excluded: 0] (e.g. com.mchange.v2.c3p0.impl.NewPooledConnection@7a95a8d6)
2019-08-27 19:31:09,559 1289   [r$PoolThread-#1] DEBUG resourcepool.BasicResourcePool  - decremented pending_acquires: 5
2019-08-27 19:31:09,559 1289   [r$PoolThread-#2] DEBUG .impl.C3P0PooledConnectionPool  - com.mchange.v2.c3p0.impl.C3P0PooledConnectionPool$1PooledConnectionResourcePoolManager@3dd7d180.acquireResource() returning. 
2019-08-27 19:31:09,559 1289   [r$PoolThread-#2] DEBUG resourcepool.BasicResourcePool  - trace com.mchange.v2.resourcepool.BasicResourcePool@4fa1c212 [managed: 6, unused: 5, excluded: 0] (e.g. com.mchange.v2.c3p0.impl.NewPooledConnection@7a95a8d6)
2019-08-27 19:31:09,559 1289   [r$PoolThread-#2] DEBUG resourcepool.BasicResourcePool  - decremented pending_acquires: 4
2019-08-27 19:31:09,569 1299   [r$PoolThread-#0] DEBUG .impl.C3P0PooledConnectionPool  - com.mchange.v2.c3p0.impl.C3P0PooledConnectionPool$1PooledConnectionResourcePoolManager@3dd7d180.acquireResource() returning. 
2019-08-27 19:31:09,569 1299   [r$PoolThread-#0] DEBUG resourcepool.BasicResourcePool  - trace com.mchange.v2.resourcepool.BasicResourcePool@4fa1c212 [managed: 7, unused: 6, excluded: 0] (e.g. com.mchange.v2.c3p0.impl.NewPooledConnection@7a95a8d6)
2019-08-27 19:31:09,569 1299   [r$PoolThread-#0] DEBUG resourcepool.BasicResourcePool  - decremented pending_acquires: 3
2019-08-27 19:31:09,569 1299   [r$PoolThread-#1] DEBUG .impl.C3P0PooledConnectionPool  - com.mchange.v2.c3p0.impl.C3P0PooledConnectionPool$1PooledConnectionResourcePoolManager@3dd7d180.acquireResource() returning. 
2019-08-27 19:31:09,569 1299   [r$PoolThread-#1] DEBUG resourcepool.BasicResourcePool  - trace com.mchange.v2.resourcepool.BasicResourcePool@4fa1c212 [managed: 8, unused: 7, excluded: 0] (e.g. com.mchange.v2.c3p0.impl.NewPooledConnection@7a95a8d6)
2019-08-27 19:31:09,569 1299   [r$PoolThread-#1] DEBUG resourcepool.BasicResourcePool  - decremented pending_acquires: 2
2019-08-27 19:31:09,579 1309   [r$PoolThread-#2] DEBUG .impl.C3P0PooledConnectionPool  - com.mchange.v2.c3p0.impl.C3P0PooledConnectionPool$1PooledConnectionResourcePoolManager@3dd7d180.acquireResource() returning. 
2019-08-27 19:31:09,579 1309   [r$PoolThread-#2] DEBUG resourcepool.BasicResourcePool  - trace com.mchange.v2.resourcepool.BasicResourcePool@4fa1c212 [managed: 9, unused: 8, excluded: 0] (e.g. com.mchange.v2.c3p0.impl.NewPooledConnection@7a95a8d6)
2019-08-27 19:31:09,579 1309   [r$PoolThread-#2] DEBUG resourcepool.BasicResourcePool  - decremented pending_acquires: 1
2019-08-27 19:31:09,589 1319   [r$PoolThread-#0] DEBUG .impl.C3P0PooledConnectionPool  - com.mchange.v2.c3p0.impl.C3P0PooledConnectionPool$1PooledConnectionResourcePoolManager@3dd7d180.acquireResource() returning. 
2019-08-27 19:31:09,589 1319   [r$PoolThread-#0] DEBUG resourcepool.BasicResourcePool  - trace com.mchange.v2.resourcepool.BasicResourcePool@4fa1c212 [managed: 10, unused: 9, excluded: 0] (e.g. com.mchange.v2.c3p0.impl.NewPooledConnection@7a95a8d6)
2019-08-27 19:31:09,589 1319   [r$PoolThread-#0] DEBUG resourcepool.BasicResourcePool  - decremented pending_acquires: 0
2019-08-27 19:31:09,629 1359   [           main] DEBUG resourcepool.BasicResourcePool  - trace com.mchange.v2.resourcepool.BasicResourcePool@4fa1c212 [managed: 10, unused: 9, excluded: 0] (e.g. com.mchange.v2.c3p0.impl.NewPooledConnection@7a95a8d6)
2019-08-27 20:13:23,188 0      [           main] INFO         com.mchange.v2.log.MLog  - MLog clients using log4j logging.
2019-08-27 20:13:23,787 599    [           main] INFO  m.mchange.v2.c3p0.C3P0Registry  - Initializing c3p0-0.9.1.2 [built 21-May-2007 15:04:56; debug? true; trace: 10]
2019-08-27 20:13:23,797 609    [           main] DEBUG icPooledDataSourceManagerMBean  - MBean: com.mchange.v2.c3p0:type=PooledDataSource[1hge1aaa41mjki3q1memq7u|272ed83b] registered.
2019-08-27 20:13:24,267 1079   [           main] DEBUG resourcepool.BasicResourcePool  - incremented pending_acquires: 1
2019-08-27 20:13:24,267 1079   [           main] DEBUG resourcepool.BasicResourcePool  - incremented pending_acquires: 2
2019-08-27 20:13:24,267 1079   [           main] DEBUG resourcepool.BasicResourcePool  - incremented pending_acquires: 3
2019-08-27 20:13:24,267 1079   [           main] DEBUG resourcepool.BasicResourcePool  - incremented pending_acquires: 4
2019-08-27 20:13:24,267 1079   [           main] DEBUG resourcepool.BasicResourcePool  - incremented pending_acquires: 5
2019-08-27 20:13:24,267 1079   [           main] DEBUG resourcepool.BasicResourcePool  - incremented pending_acquires: 6
2019-08-27 20:13:24,267 1079   [           main] DEBUG resourcepool.BasicResourcePool  - incremented pending_acquires: 7
2019-08-27 20:13:24,267 1079   [           main] DEBUG resourcepool.BasicResourcePool  - incremented pending_acquires: 8
2019-08-27 20:13:24,267 1079   [           main] DEBUG resourcepool.BasicResourcePool  - incremented pending_acquires: 9
2019-08-27 20:13:24,267 1079   [           main] DEBUG resourcepool.BasicResourcePool  - incremented pending_acquires: 10
2019-08-27 20:13:24,267 1079   [           main] DEBUG resourcepool.BasicResourcePool  - com.mchange.v2.resourcepool.BasicResourcePool@37e4d7bb config: [start -> 3; min -> 10; max -> 30; inc -> 3; num_acq_attempts -> 2; acq_attempt_delay -> 1000; check_idle_resources_delay -> 0; mox_resource_age -> 0; max_idle_time -> 0; excess_max_idle_time -> 0; destroy_unreturned_resc_time -> 0; expiration_enforcement_delay -> 0; break_on_acquisition_failure -> false; debug_store_checkout_exceptions -> false]
2019-08-27 20:13:24,267 1079   [           main] INFO  l.AbstractPoolBackedDataSource  - Initializing c3p0 pool... com.mchange.v2.c3p0.ComboPooledDataSource [ acquireIncrement -> 3, acquireRetryAttempts -> 2, acquireRetryDelay -> 1000, autoCommitOnClose -> false, automaticTestTable -> null, breakAfterAcquireFailure -> false, checkoutTimeout -> 10000, connectionCustomizerClassName -> null, connectionTesterClassName -> com.mchange.v2.c3p0.impl.DefaultConnectionTester, dataSourceName -> 1hge1aaa41mjki3q1memq7u|272ed83b, debugUnreturnedConnectionStackTraces -> false, description -> null, driverClass -> com.mysql.jdbc.Driver, factoryClassLocation -> null, forceIgnoreUnresolvedTransactions -> false, identityToken -> 1hge1aaa41mjki3q1memq7u|272ed83b, idleConnectionTestPeriod -> 0, initialPoolSize -> 3, jdbcUrl -> jdbc:mysql://localhost:3306/schoolshop?useUnicode=true&characterEncoding=utf8, maxAdministrativeTaskTime -> 0, maxConnectionAge -> 0, maxIdleTime -> 0, maxIdleTimeExcessConnections -> 0, maxPoolSize -> 30, maxStatements -> 0, maxStatementsPerConnection -> 0, minPoolSize -> 10, numHelperThreads -> 3, numThreadsAwaitingCheckoutDefaultUser -> 0, preferredTestQuery -> null, properties -> {user=******, password=******}, propertyCycle -> 0, testConnectionOnCheckin -> false, testConnectionOnCheckout -> false, unreturnedConnectionTimeout -> 0, usesTraditionalReflectiveProxies -> false ]
2019-08-27 20:13:24,267 1079   [           main] DEBUG resourcepool.BasicResourcePool  - acquire test -- pool size: 0; target_pool_size: 10; desired target? 1
2019-08-27 20:13:24,267 1079   [           main] DEBUG resourcepool.BasicResourcePool  - awaitAvailable(): [unknown]
2019-08-27 20:13:24,267 1079   [           main] DEBUG resourcepool.BasicResourcePool  - trace com.mchange.v2.resourcepool.BasicResourcePool@37e4d7bb [managed: 0, unused: 0, excluded: 0]
2019-08-27 20:13:24,477 1289   [r$PoolThread-#0] DEBUG .impl.C3P0PooledConnectionPool  - com.mchange.v2.c3p0.impl.C3P0PooledConnectionPool$1PooledConnectionResourcePoolManager@6d435a41.acquireResource() returning. 
2019-08-27 20:13:24,477 1289   [r$PoolThread-#1] DEBUG .impl.C3P0PooledConnectionPool  - com.mchange.v2.c3p0.impl.C3P0PooledConnectionPool$1PooledConnectionResourcePoolManager@6d435a41.acquireResource() returning. 
2019-08-27 20:13:24,477 1289   [r$PoolThread-#2] DEBUG .impl.C3P0PooledConnectionPool  - com.mchange.v2.c3p0.impl.C3P0PooledConnectionPool$1PooledConnectionResourcePoolManager@6d435a41.acquireResource() returning. 
2019-08-27 20:13:24,477 1289   [r$PoolThread-#0] DEBUG resourcepool.BasicResourcePool  - trace com.mchange.v2.resourcepool.BasicResourcePool@37e4d7bb [managed: 1, unused: 1, excluded: 0]
2019-08-27 20:13:24,477 1289   [           main] DEBUG resourcepool.BasicResourcePool  - trace com.mchange.v2.resourcepool.BasicResourcePool@37e4d7bb [managed: 1, unused: 0, excluded: 0] (e.g. com.mchange.v2.c3p0.impl.NewPooledConnection@62503df4)
2019-08-27 20:13:24,477 1289   [r$PoolThread-#2] DEBUG resourcepool.BasicResourcePool  - trace com.mchange.v2.resourcepool.BasicResourcePool@37e4d7bb [managed: 2, unused: 1, excluded: 0] (e.g. com.mchange.v2.c3p0.impl.NewPooledConnection@62503df4)
2019-08-27 20:13:24,477 1289   [r$PoolThread-#2] DEBUG resourcepool.BasicResourcePool  - decremented pending_acquires: 9
2019-08-27 20:13:24,477 1289   [r$PoolThread-#1] DEBUG resourcepool.BasicResourcePool  - trace com.mchange.v2.resourcepool.BasicResourcePool@37e4d7bb [managed: 3, unused: 2, excluded: 0] (e.g. com.mchange.v2.c3p0.impl.NewPooledConnection@62503df4)
2019-08-27 20:13:24,487 1299   [r$PoolThread-#1] DEBUG resourcepool.BasicResourcePool  - decremented pending_acquires: 8
2019-08-27 20:13:24,487 1299   [r$PoolThread-#0] DEBUG resourcepool.BasicResourcePool  - decremented pending_acquires: 7
2019-08-27 20:13:24,497 1309   [r$PoolThread-#2] DEBUG .impl.C3P0PooledConnectionPool  - com.mchange.v2.c3p0.impl.C3P0PooledConnectionPool$1PooledConnectionResourcePoolManager@6d435a41.acquireResource() returning. 
2019-08-27 20:13:24,497 1309   [r$PoolThread-#1] DEBUG .impl.C3P0PooledConnectionPool  - com.mchange.v2.c3p0.impl.C3P0PooledConnectionPool$1PooledConnectionResourcePoolManager@6d435a41.acquireResource() returning. 
2019-08-27 20:13:24,497 1309   [r$PoolThread-#2] DEBUG resourcepool.BasicResourcePool  - trace com.mchange.v2.resourcepool.BasicResourcePool@37e4d7bb [managed: 4, unused: 3, excluded: 0] (e.g. com.mchange.v2.c3p0.impl.NewPooledConnection@62503df4)
2019-08-27 20:13:24,497 1309   [r$PoolThread-#2] DEBUG resourcepool.BasicResourcePool  - decremented pending_acquires: 6
2019-08-27 20:13:24,497 1309   [r$PoolThread-#1] DEBUG resourcepool.BasicResourcePool  - trace com.mchange.v2.resourcepool.BasicResourcePool@37e4d7bb [managed: 5, unused: 4, excluded: 0] (e.g. com.mchange.v2.c3p0.impl.NewPooledConnection@62503df4)
2019-08-27 20:13:24,497 1309   [r$PoolThread-#1] DEBUG resourcepool.BasicResourcePool  - decremented pending_acquires: 5
2019-08-27 20:13:24,497 1309   [r$PoolThread-#0] DEBUG .impl.C3P0PooledConnectionPool  - com.mchange.v2.c3p0.impl.C3P0PooledConnectionPool$1PooledConnectionResourcePoolManager@6d435a41.acquireResource() returning. 
2019-08-27 20:13:24,497 1309   [r$PoolThread-#0] DEBUG resourcepool.BasicResourcePool  - trace com.mchange.v2.resourcepool.BasicResourcePool@37e4d7bb [managed: 6, unused: 5, excluded: 0] (e.g. com.mchange.v2.c3p0.impl.NewPooledConnection@62503df4)
2019-08-27 20:13:24,497 1309   [r$PoolThread-#0] DEBUG resourcepool.BasicResourcePool  - decremented pending_acquires: 4
2019-08-27 20:13:24,507 1319   [r$PoolThread-#2] DEBUG .impl.C3P0PooledConnectionPool  - com.mchange.v2.c3p0.impl.C3P0PooledConnectionPool$1PooledConnectionResourcePoolManager@6d435a41.acquireResource() returning. 
2019-08-27 20:13:24,507 1319   [r$PoolThread-#2] DEBUG resourcepool.BasicResourcePool  - trace com.mchange.v2.resourcepool.BasicResourcePool@37e4d7bb [managed: 7, unused: 6, excluded: 0] (e.g. com.mchange.v2.c3p0.impl.NewPooledConnection@62503df4)
2019-08-27 20:13:24,507 1319   [r$PoolThread-#2] DEBUG resourcepool.BasicResourcePool  - decremented pending_acquires: 3
2019-08-27 20:13:24,507 1319   [r$PoolThread-#1] DEBUG .impl.C3P0PooledConnectionPool  - com.mchange.v2.c3p0.impl.C3P0PooledConnectionPool$1PooledConnectionResourcePoolManager@6d435a41.acquireResource() returning. 
2019-08-27 20:13:24,507 1319   [r$PoolThread-#1] DEBUG resourcepool.BasicResourcePool  - trace com.mchange.v2.resourcepool.BasicResourcePool@37e4d7bb [managed: 8, unused: 7, excluded: 0] (e.g. com.mchange.v2.c3p0.impl.NewPooledConnection@62503df4)
2019-08-27 20:13:24,507 1319   [r$PoolThread-#1] DEBUG resourcepool.BasicResourcePool  - decremented pending_acquires: 2
2019-08-27 20:13:24,507 1319   [r$PoolThread-#0] DEBUG .impl.C3P0PooledConnectionPool  - com.mchange.v2.c3p0.impl.C3P0PooledConnectionPool$1PooledConnectionResourcePoolManager@6d435a41.acquireResource() returning. 
2019-08-27 20:13:24,507 1319   [r$PoolThread-#0] DEBUG resourcepool.BasicResourcePool  - trace com.mchange.v2.resourcepool.BasicResourcePool@37e4d7bb [managed: 9, unused: 8, excluded: 0] (e.g. com.mchange.v2.c3p0.impl.NewPooledConnection@62503df4)
2019-08-27 20:13:24,507 1319   [r$PoolThread-#0] DEBUG resourcepool.BasicResourcePool  - decremented pending_acquires: 1
2019-08-27 20:13:24,517 1329   [r$PoolThread-#2] DEBUG .impl.C3P0PooledConnectionPool  - com.mchange.v2.c3p0.impl.C3P0PooledConnectionPool$1PooledConnectionResourcePoolManager@6d435a41.acquireResource() returning. 
2019-08-27 20:13:24,517 1329   [r$PoolThread-#2] DEBUG resourcepool.BasicResourcePool  - trace com.mchange.v2.resourcepool.BasicResourcePool@37e4d7bb [managed: 10, unused: 9, excluded: 0] (e.g. com.mchange.v2.c3p0.impl.NewPooledConnection@62503df4)
2019-08-27 20:13:24,517 1329   [r$PoolThread-#2] DEBUG resourcepool.BasicResourcePool  - decremented pending_acquires: 0
2019-08-27 20:13:24,547 1359   [           main] DEBUG resourcepool.BasicResourcePool  - trace com.mchange.v2.resourcepool.BasicResourcePool@37e4d7bb [managed: 10, unused: 9, excluded: 0] (e.g. com.mchange.v2.c3p0.impl.NewPooledConnection@62503df4)
2019-08-27 20:13:24,547 1359   [           main] DEBUG 2.c3p0.impl.NewProxyConnection  - com.mchange.v2.c3p0.impl.NewProxyConnection@74a6f9c1: close() called more than once.
2019-08-27 20:15:44,247 0      [           main] INFO         com.mchange.v2.log.MLog  - MLog clients using log4j logging.
2019-08-27 20:15:44,866 619    [           main] INFO  m.mchange.v2.c3p0.C3P0Registry  - Initializing c3p0-0.9.1.2 [built 21-May-2007 15:04:56; debug? true; trace: 10]
2019-08-27 20:15:44,876 629    [           main] DEBUG icPooledDataSourceManagerMBean  - MBean: com.mchange.v2.c3p0:type=PooledDataSource[1hge1aaa41mjniy19ozpv5|41fecb8b] registered.
2019-08-27 20:15:45,406 1159   [           main] DEBUG resourcepool.BasicResourcePool  - incremented pending_acquires: 1
2019-08-27 20:15:45,406 1159   [           main] DEBUG resourcepool.BasicResourcePool  - incremented pending_acquires: 2
2019-08-27 20:15:45,406 1159   [           main] DEBUG resourcepool.BasicResourcePool  - incremented pending_acquires: 3
2019-08-27 20:15:45,406 1159   [           main] DEBUG resourcepool.BasicResourcePool  - incremented pending_acquires: 4
2019-08-27 20:15:45,406 1159   [           main] DEBUG resourcepool.BasicResourcePool  - incremented pending_acquires: 5
2019-08-27 20:15:45,406 1159   [           main] DEBUG resourcepool.BasicResourcePool  - incremented pending_acquires: 6
2019-08-27 20:15:45,406 1159   [           main] DEBUG resourcepool.BasicResourcePool  - incremented pending_acquires: 7
2019-08-27 20:15:45,406 1159   [           main] DEBUG resourcepool.BasicResourcePool  - incremented pending_acquires: 8
2019-08-27 20:15:45,406 1159   [           main] DEBUG resourcepool.BasicResourcePool  - incremented pending_acquires: 9
2019-08-27 20:15:45,406 1159   [           main] DEBUG resourcepool.BasicResourcePool  - incremented pending_acquires: 10
2019-08-27 20:15:45,406 1159   [           main] DEBUG resourcepool.BasicResourcePool  - com.mchange.v2.resourcepool.BasicResourcePool@74a6f9c1 config: [start -> 3; min -> 10; max -> 30; inc -> 3; num_acq_attempts -> 2; acq_attempt_delay -> 1000; check_idle_resources_delay -> 0; mox_resource_age -> 0; max_idle_time -> 0; excess_max_idle_time -> 0; destroy_unreturned_resc_time -> 0; expiration_enforcement_delay -> 0; break_on_acquisition_failure -> false; debug_store_checkout_exceptions -> false]
2019-08-27 20:15:45,406 1159   [           main] INFO  l.AbstractPoolBackedDataSource  - Initializing c3p0 pool... com.mchange.v2.c3p0.ComboPooledDataSource [ acquireIncrement -> 3, acquireRetryAttempts -> 2, acquireRetryDelay -> 1000, autoCommitOnClose -> false, automaticTestTable -> null, breakAfterAcquireFailure -> false, checkoutTimeout -> 10000, connectionCustomizerClassName -> null, connectionTesterClassName -> com.mchange.v2.c3p0.impl.DefaultConnectionTester, dataSourceName -> 1hge1aaa41mjniy19ozpv5|41fecb8b, debugUnreturnedConnectionStackTraces -> false, description -> null, driverClass -> com.mysql.jdbc.Driver, factoryClassLocation -> null, forceIgnoreUnresolvedTransactions -> false, identityToken -> 1hge1aaa41mjniy19ozpv5|41fecb8b, idleConnectionTestPeriod -> 0, initialPoolSize -> 3, jdbcUrl -> jdbc:mysql://localhost:3306/schoolshop?useUnicode=true&characterEncoding=utf8, maxAdministrativeTaskTime -> 0, maxConnectionAge -> 0, maxIdleTime -> 0, maxIdleTimeExcessConnections -> 0, maxPoolSize -> 30, maxStatements -> 0, maxStatementsPerConnection -> 0, minPoolSize -> 10, numHelperThreads -> 3, numThreadsAwaitingCheckoutDefaultUser -> 0, preferredTestQuery -> null, properties -> {user=******, password=******}, propertyCycle -> 0, testConnectionOnCheckin -> false, testConnectionOnCheckout -> false, unreturnedConnectionTimeout -> 0, usesTraditionalReflectiveProxies -> false ]
2019-08-27 20:15:45,406 1159   [           main] DEBUG resourcepool.BasicResourcePool  - acquire test -- pool size: 0; target_pool_size: 10; desired target? 1
2019-08-27 20:15:45,406 1159   [           main] DEBUG resourcepool.BasicResourcePool  - awaitAvailable(): [unknown]
2019-08-27 20:15:45,406 1159   [           main] DEBUG resourcepool.BasicResourcePool  - trace com.mchange.v2.resourcepool.BasicResourcePool@74a6f9c1 [managed: 0, unused: 0, excluded: 0]
2019-08-27 20:15:45,626 1379   [r$PoolThread-#2] DEBUG .impl.C3P0PooledConnectionPool  - com.mchange.v2.c3p0.impl.C3P0PooledConnectionPool$1PooledConnectionResourcePoolManager@74251a54.acquireResource() returning. 
2019-08-27 20:15:45,626 1379   [r$PoolThread-#0] DEBUG .impl.C3P0PooledConnectionPool  - com.mchange.v2.c3p0.impl.C3P0PooledConnectionPool$1PooledConnectionResourcePoolManager@74251a54.acquireResource() returning. 
2019-08-27 20:15:45,626 1379   [r$PoolThread-#1] DEBUG .impl.C3P0PooledConnectionPool  - com.mchange.v2.c3p0.impl.C3P0PooledConnectionPool$1PooledConnectionResourcePoolManager@74251a54.acquireResource() returning. 
2019-08-27 20:15:45,626 1379   [r$PoolThread-#2] DEBUG resourcepool.BasicResourcePool  - trace com.mchange.v2.resourcepool.BasicResourcePool@74a6f9c1 [managed: 1, unused: 1, excluded: 0]
2019-08-27 20:15:45,626 1379   [r$PoolThread-#1] DEBUG resourcepool.BasicResourcePool  - trace com.mchange.v2.resourcepool.BasicResourcePool@74a6f9c1 [managed: 2, unused: 1, excluded: 0] (e.g. com.mchange.v2.c3p0.impl.NewPooledConnection@7ddf7def)
2019-08-27 20:15:45,626 1379   [r$PoolThread-#1] DEBUG resourcepool.BasicResourcePool  - decremented pending_acquires: 9
2019-08-27 20:15:45,626 1379   [r$PoolThread-#0] DEBUG resourcepool.BasicResourcePool  - trace com.mchange.v2.resourcepool.BasicResourcePool@74a6f9c1 [managed: 3, unused: 2, excluded: 0] (e.g. com.mchange.v2.c3p0.impl.NewPooledConnection@7ddf7def)
2019-08-27 20:15:45,626 1379   [r$PoolThread-#0] DEBUG resourcepool.BasicResourcePool  - decremented pending_acquires: 8
2019-08-27 20:15:45,626 1379   [           main] DEBUG resourcepool.BasicResourcePool  - trace com.mchange.v2.resourcepool.BasicResourcePool@74a6f9c1 [managed: 3, unused: 2, excluded: 0] (e.g. com.mchange.v2.c3p0.impl.NewPooledConnection@7ddf7def)
2019-08-27 20:15:45,626 1379   [r$PoolThread-#2] DEBUG resourcepool.BasicResourcePool  - decremented pending_acquires: 7
2019-08-27 20:15:45,646 1399   [r$PoolThread-#1] DEBUG .impl.C3P0PooledConnectionPool  - com.mchange.v2.c3p0.impl.C3P0PooledConnectionPool$1PooledConnectionResourcePoolManager@74251a54.acquireResource() returning. 
2019-08-27 20:15:45,646 1399   [r$PoolThread-#1] DEBUG resourcepool.BasicResourcePool  - trace com.mchange.v2.resourcepool.BasicResourcePool@74a6f9c1 [managed: 4, unused: 3, excluded: 0] (e.g. com.mchange.v2.c3p0.impl.NewPooledConnection@7ddf7def)
2019-08-27 20:15:45,646 1399   [r$PoolThread-#1] DEBUG resourcepool.BasicResourcePool  - decremented pending_acquires: 6
2019-08-27 20:15:45,646 1399   [r$PoolThread-#2] DEBUG .impl.C3P0PooledConnectionPool  - com.mchange.v2.c3p0.impl.C3P0PooledConnectionPool$1PooledConnectionResourcePoolManager@74251a54.acquireResource() returning. 
2019-08-27 20:15:45,646 1399   [r$PoolThread-#2] DEBUG resourcepool.BasicResourcePool  - trace com.mchange.v2.resourcepool.BasicResourcePool@74a6f9c1 [managed: 5, unused: 4, excluded: 0] (e.g. com.mchange.v2.c3p0.impl.NewPooledConnection@7ddf7def)
2019-08-27 20:15:45,646 1399   [r$PoolThread-#2] DEBUG resourcepool.BasicResourcePool  - decremented pending_acquires: 5
2019-08-27 20:15:45,646 1399   [r$PoolThread-#0] DEBUG .impl.C3P0PooledConnectionPool  - com.mchange.v2.c3p0.impl.C3P0PooledConnectionPool$1PooledConnectionResourcePoolManager@74251a54.acquireResource() returning. 
2019-08-27 20:15:45,646 1399   [r$PoolThread-#0] DEBUG resourcepool.BasicResourcePool  - trace com.mchange.v2.resourcepool.BasicResourcePool@74a6f9c1 [managed: 6, unused: 5, excluded: 0] (e.g. com.mchange.v2.c3p0.impl.NewPooledConnection@7ddf7def)
2019-08-27 20:15:45,646 1399   [r$PoolThread-#0] DEBUG resourcepool.BasicResourcePool  - decremented pending_acquires: 4
2019-08-27 20:15:45,656 1409   [r$PoolThread-#2] DEBUG .impl.C3P0PooledConnectionPool  - com.mchange.v2.c3p0.impl.C3P0PooledConnectionPool$1PooledConnectionResourcePoolManager@74251a54.acquireResource() returning. 
2019-08-27 20:15:45,656 1409   [r$PoolThread-#2] DEBUG resourcepool.BasicResourcePool  - trace com.mchange.v2.resourcepool.BasicResourcePool@74a6f9c1 [managed: 7, unused: 6, excluded: 0] (e.g. com.mchange.v2.c3p0.impl.NewPooledConnection@7ddf7def)
2019-08-27 20:15:45,656 1409   [r$PoolThread-#2] DEBUG resourcepool.BasicResourcePool  - decremented pending_acquires: 3
2019-08-27 20:15:45,656 1409   [r$PoolThread-#0] DEBUG .impl.C3P0PooledConnectionPool  - com.mchange.v2.c3p0.impl.C3P0PooledConnectionPool$1PooledConnectionResourcePoolManager@74251a54.acquireResource() returning. 
2019-08-27 20:15:45,656 1409   [r$PoolThread-#0] DEBUG resourcepool.BasicResourcePool  - trace com.mchange.v2.resourcepool.BasicResourcePool@74a6f9c1 [managed: 8, unused: 7, excluded: 0] (e.g. com.mchange.v2.c3p0.impl.NewPooledConnection@7ddf7def)
2019-08-27 20:15:45,656 1409   [r$PoolThread-#0] DEBUG resourcepool.BasicResourcePool  - decremented pending_acquires: 2
2019-08-27 20:15:45,666 1419   [r$PoolThread-#1] DEBUG .impl.C3P0PooledConnectionPool  - com.mchange.v2.c3p0.impl.C3P0PooledConnectionPool$1PooledConnectionResourcePoolManager@74251a54.acquireResource() returning. 
2019-08-27 20:15:45,666 1419   [r$PoolThread-#1] DEBUG resourcepool.BasicResourcePool  - trace com.mchange.v2.resourcepool.BasicResourcePool@74a6f9c1 [managed: 9, unused: 8, excluded: 0] (e.g. com.mchange.v2.c3p0.impl.NewPooledConnection@7ddf7def)
2019-08-27 20:15:45,666 1419   [r$PoolThread-#1] DEBUG resourcepool.BasicResourcePool  - decremented pending_acquires: 1
2019-08-27 20:15:45,666 1419   [r$PoolThread-#2] DEBUG .impl.C3P0PooledConnectionPool  - com.mchange.v2.c3p0.impl.C3P0PooledConnectionPool$1PooledConnectionResourcePoolManager@74251a54.acquireResource() returning. 
2019-08-27 20:15:45,666 1419   [r$PoolThread-#2] DEBUG resourcepool.BasicResourcePool  - trace com.mchange.v2.resourcepool.BasicResourcePool@74a6f9c1 [managed: 10, unused: 9, excluded: 0] (e.g. com.mchange.v2.c3p0.impl.NewPooledConnection@7ddf7def)
2019-08-27 20:15:45,666 1419   [r$PoolThread-#2] DEBUG resourcepool.BasicResourcePool  - decremented pending_acquires: 0
2019-08-27 20:15:45,706 1459   [           main] DEBUG resourcepool.BasicResourcePool  - trace com.mchange.v2.resourcepool.BasicResourcePool@74a6f9c1 [managed: 10, unused: 9, excluded: 0] (e.g. com.mchange.v2.c3p0.impl.NewPooledConnection@7ddf7def)
2019-08-27 20:16:08,292 0      [           main] INFO         com.mchange.v2.log.MLog  - MLog clients using log4j logging.
2019-08-27 20:16:08,921 629    [           main] INFO  m.mchange.v2.c3p0.C3P0Registry  - Initializing c3p0-0.9.1.2 [built 21-May-2007 15:04:56; debug? true; trace: 10]
2019-08-27 20:16:08,941 649    [           main] DEBUG icPooledDataSourceManagerMBean  - MBean: com.mchange.v2.c3p0:type=PooledDataSource[1hge1aaa41mjo1hy101f|272ed83b] registered.
2019-08-27 20:16:09,431 1139   [           main] DEBUG resourcepool.BasicResourcePool  - incremented pending_acquires: 1
2019-08-27 20:16:09,431 1139   [           main] DEBUG resourcepool.BasicResourcePool  - incremented pending_acquires: 2
2019-08-27 20:16:09,431 1139   [           main] DEBUG resourcepool.BasicResourcePool  - incremented pending_acquires: 3
2019-08-27 20:16:09,431 1139   [           main] DEBUG resourcepool.BasicResourcePool  - incremented pending_acquires: 4
2019-08-27 20:16:09,431 1139   [           main] DEBUG resourcepool.BasicResourcePool  - incremented pending_acquires: 5
2019-08-27 20:16:09,431 1139   [           main] DEBUG resourcepool.BasicResourcePool  - incremented pending_acquires: 6
2019-08-27 20:16:09,431 1139   [           main] DEBUG resourcepool.BasicResourcePool  - incremented pending_acquires: 7
2019-08-27 20:16:09,431 1139   [           main] DEBUG resourcepool.BasicResourcePool  - incremented pending_acquires: 8
2019-08-27 20:16:09,431 1139   [           main] DEBUG resourcepool.BasicResourcePool  - incremented pending_acquires: 9
2019-08-27 20:16:09,431 1139   [           main] DEBUG resourcepool.BasicResourcePool  - incremented pending_acquires: 10
2019-08-27 20:16:09,431 1139   [           main] DEBUG resourcepool.BasicResourcePool  - com.mchange.v2.resourcepool.BasicResourcePool@37e4d7bb config: [start -> 3; min -> 10; max -> 30; inc -> 3; num_acq_attempts -> 2; acq_attempt_delay -> 1000; check_idle_resources_delay -> 0; mox_resource_age -> 0; max_idle_time -> 0; excess_max_idle_time -> 0; destroy_unreturned_resc_time -> 0; expiration_enforcement_delay -> 0; break_on_acquisition_failure -> false; debug_store_checkout_exceptions -> false]
2019-08-27 20:16:09,431 1139   [           main] INFO  l.AbstractPoolBackedDataSource  - Initializing c3p0 pool... com.mchange.v2.c3p0.ComboPooledDataSource [ acquireIncrement -> 3, acquireRetryAttempts -> 2, acquireRetryDelay -> 1000, autoCommitOnClose -> false, automaticTestTable -> null, breakAfterAcquireFailure -> false, checkoutTimeout -> 10000, connectionCustomizerClassName -> null, connectionTesterClassName -> com.mchange.v2.c3p0.impl.DefaultConnectionTester, dataSourceName -> 1hge1aaa41mjo1hy101f|272ed83b, debugUnreturnedConnectionStackTraces -> false, description -> null, driverClass -> com.mysql.jdbc.Driver, factoryClassLocation -> null, forceIgnoreUnresolvedTransactions -> false, identityToken -> 1hge1aaa41mjo1hy101f|272ed83b, idleConnectionTestPeriod -> 0, initialPoolSize -> 3, jdbcUrl -> jdbc:mysql://localhost:3306/schoolshop?useUnicode=true&characterEncoding=utf8, maxAdministrativeTaskTime -> 0, maxConnectionAge -> 0, maxIdleTime -> 0, maxIdleTimeExcessConnections -> 0, maxPoolSize -> 30, maxStatements -> 0, maxStatementsPerConnection -> 0, minPoolSize -> 10, numHelperThreads -> 3, numThreadsAwaitingCheckoutDefaultUser -> 0, preferredTestQuery -> null, properties -> {user=******, password=******}, propertyCycle -> 0, testConnectionOnCheckin -> false, testConnectionOnCheckout -> false, unreturnedConnectionTimeout -> 0, usesTraditionalReflectiveProxies -> false ]
2019-08-27 20:16:09,431 1139   [           main] DEBUG resourcepool.BasicResourcePool  - acquire test -- pool size: 0; target_pool_size: 10; desired target? 1
2019-08-27 20:16:09,431 1139   [           main] DEBUG resourcepool.BasicResourcePool  - awaitAvailable(): [unknown]
2019-08-27 20:16:09,431 1139   [           main] DEBUG resourcepool.BasicResourcePool  - trace com.mchange.v2.resourcepool.BasicResourcePool@37e4d7bb [managed: 0, unused: 0, excluded: 0]
2019-08-27 20:16:09,651 1359   [r$PoolThread-#2] DEBUG .impl.C3P0PooledConnectionPool  - com.mchange.v2.c3p0.impl.C3P0PooledConnectionPool$1PooledConnectionResourcePoolManager@35353a56.acquireResource() returning. 
2019-08-27 20:16:09,651 1359   [r$PoolThread-#1] DEBUG .impl.C3P0PooledConnectionPool  - com.mchange.v2.c3p0.impl.C3P0PooledConnectionPool$1PooledConnectionResourcePoolManager@35353a56.acquireResource() returning. 
2019-08-27 20:16:09,651 1359   [r$PoolThread-#0] DEBUG .impl.C3P0PooledConnectionPool  - com.mchange.v2.c3p0.impl.C3P0PooledConnectionPool$1PooledConnectionResourcePoolManager@35353a56.acquireResource() returning. 
2019-08-27 20:16:09,651 1359   [r$PoolThread-#2] DEBUG resourcepool.BasicResourcePool  - trace com.mchange.v2.resourcepool.BasicResourcePool@37e4d7bb [managed: 1, unused: 1, excluded: 0]
2019-08-27 20:16:09,651 1359   [r$PoolThread-#0] DEBUG resourcepool.BasicResourcePool  - trace com.mchange.v2.resourcepool.BasicResourcePool@37e4d7bb [managed: 2, unused: 1, excluded: 0] (e.g. com.mchange.v2.c3p0.impl.NewPooledConnection@51d66622)
2019-08-27 20:16:09,651 1359   [r$PoolThread-#1] DEBUG resourcepool.BasicResourcePool  - trace com.mchange.v2.resourcepool.BasicResourcePool@37e4d7bb [managed: 3, unused: 2, excluded: 0] (e.g. com.mchange.v2.c3p0.impl.NewPooledConnection@51d66622)
2019-08-27 20:16:09,651 1359   [r$PoolThread-#1] DEBUG resourcepool.BasicResourcePool  - decremented pending_acquires: 9
2019-08-27 20:16:09,651 1359   [r$PoolThread-#0] DEBUG resourcepool.BasicResourcePool  - decremented pending_acquires: 8
2019-08-27 20:16:09,651 1359   [           main] DEBUG resourcepool.BasicResourcePool  - trace com.mchange.v2.resourcepool.BasicResourcePool@37e4d7bb [managed: 3, unused: 2, excluded: 0] (e.g. com.mchange.v2.c3p0.impl.NewPooledConnection@51d66622)
2019-08-27 20:16:09,651 1359   [r$PoolThread-#2] DEBUG resourcepool.BasicResourcePool  - decremented pending_acquires: 7
2019-08-27 20:16:09,671 1379   [r$PoolThread-#0] DEBUG .impl.C3P0PooledConnectionPool  - com.mchange.v2.c3p0.impl.C3P0PooledConnectionPool$1PooledConnectionResourcePoolManager@35353a56.acquireResource() returning. 
2019-08-27 20:16:09,671 1379   [r$PoolThread-#0] DEBUG resourcepool.BasicResourcePool  - trace com.mchange.v2.resourcepool.BasicResourcePool@37e4d7bb [managed: 4, unused: 3, excluded: 0] (e.g. com.mchange.v2.c3p0.impl.NewPooledConnection@51d66622)
2019-08-27 20:16:09,671 1379   [r$PoolThread-#0] DEBUG resourcepool.BasicResourcePool  - decremented pending_acquires: 6
2019-08-27 20:16:09,671 1379   [r$PoolThread-#2] DEBUG .impl.C3P0PooledConnectionPool  - com.mchange.v2.c3p0.impl.C3P0PooledConnectionPool$1PooledConnectionResourcePoolManager@35353a56.acquireResource() returning. 
2019-08-27 20:16:09,671 1379   [r$PoolThread-#2] DEBUG resourcepool.BasicResourcePool  - trace com.mchange.v2.resourcepool.BasicResourcePool@37e4d7bb [managed: 5, unused: 4, excluded: 0] (e.g. com.mchange.v2.c3p0.impl.NewPooledConnection@51d66622)
2019-08-27 20:16:09,671 1379   [r$PoolThread-#2] DEBUG resourcepool.BasicResourcePool  - decremented pending_acquires: 5
2019-08-27 20:16:09,671 1379   [r$PoolThread-#1] DEBUG .impl.C3P0PooledConnectionPool  - com.mchange.v2.c3p0.impl.C3P0PooledConnectionPool$1PooledConnectionResourcePoolManager@35353a56.acquireResource() returning. 
2019-08-27 20:16:09,671 1379   [r$PoolThread-#1] DEBUG resourcepool.BasicResourcePool  - trace com.mchange.v2.resourcepool.BasicResourcePool@37e4d7bb [managed: 6, unused: 5, excluded: 0] (e.g. com.mchange.v2.c3p0.impl.NewPooledConnection@51d66622)
2019-08-27 20:16:09,671 1379   [r$PoolThread-#1] DEBUG resourcepool.BasicResourcePool  - decremented pending_acquires: 4
2019-08-27 20:16:09,681 1389   [r$PoolThread-#0] DEBUG .impl.C3P0PooledConnectionPool  - com.mchange.v2.c3p0.impl.C3P0PooledConnectionPool$1PooledConnectionResourcePoolManager@35353a56.acquireResource() returning. 
2019-08-27 20:16:09,681 1389   [r$PoolThread-#0] DEBUG resourcepool.BasicResourcePool  - trace com.mchange.v2.resourcepool.BasicResourcePool@37e4d7bb [managed: 7, unused: 6, excluded: 0] (e.g. com.mchange.v2.c3p0.impl.NewPooledConnection@51d66622)
2019-08-27 20:16:09,681 1389   [r$PoolThread-#0] DEBUG resourcepool.BasicResourcePool  - decremented pending_acquires: 3
2019-08-27 20:16:09,681 1389   [r$PoolThread-#1] DEBUG .impl.C3P0PooledConnectionPool  - com.mchange.v2.c3p0.impl.C3P0PooledConnectionPool$1PooledConnectionResourcePoolManager@35353a56.acquireResource() returning. 
2019-08-27 20:16:09,681 1389   [r$PoolThread-#1] DEBUG resourcepool.BasicResourcePool  - trace com.mchange.v2.resourcepool.BasicResourcePool@37e4d7bb [managed: 8, unused: 7, excluded: 0] (e.g. com.mchange.v2.c3p0.impl.NewPooledConnection@51d66622)
2019-08-27 20:16:09,681 1389   [r$PoolThread-#1] DEBUG resourcepool.BasicResourcePool  - decremented pending_acquires: 2
2019-08-27 20:16:09,681 1389   [r$PoolThread-#2] DEBUG .impl.C3P0PooledConnectionPool  - com.mchange.v2.c3p0.impl.C3P0PooledConnectionPool$1PooledConnectionResourcePoolManager@35353a56.acquireResource() returning. 
2019-08-27 20:16:09,681 1389   [r$PoolThread-#2] DEBUG resourcepool.BasicResourcePool  - trace com.mchange.v2.resourcepool.BasicResourcePool@37e4d7bb [managed: 9, unused: 8, excluded: 0] (e.g. com.mchange.v2.c3p0.impl.NewPooledConnection@51d66622)
2019-08-27 20:16:09,681 1389   [r$PoolThread-#2] DEBUG resourcepool.BasicResourcePool  - decremented pending_acquires: 1
2019-08-27 20:16:09,691 1399   [r$PoolThread-#0] DEBUG .impl.C3P0PooledConnectionPool  - com.mchange.v2.c3p0.impl.C3P0PooledConnectionPool$1PooledConnectionResourcePoolManager@35353a56.acquireResource() returning. 
2019-08-27 20:16:09,691 1399   [r$PoolThread-#0] DEBUG resourcepool.BasicResourcePool  - trace com.mchange.v2.resourcepool.BasicResourcePool@37e4d7bb [managed: 10, unused: 9, excluded: 0] (e.g. com.mchange.v2.c3p0.impl.NewPooledConnection@51d66622)
2019-08-27 20:16:09,691 1399   [r$PoolThread-#0] DEBUG resourcepool.BasicResourcePool  - decremented pending_acquires: 0
2019-08-27 20:16:09,721 1429   [           main] DEBUG resourcepool.BasicResourcePool  - trace com.mchange.v2.resourcepool.BasicResourcePool@37e4d7bb [managed: 10, unused: 9, excluded: 0] (e.g. com.mchange.v2.c3p0.impl.NewPooledConnection@51d66622)
2019-08-27 20:16:09,721 1429   [           main] DEBUG 2.c3p0.impl.NewProxyConnection  - com.mchange.v2.c3p0.impl.NewProxyConnection@74a6f9c1: close() called more than once.
2019-08-27 20:16:36,502 0      [           main] INFO         com.mchange.v2.log.MLog  - MLog clients using log4j logging.
2019-08-27 20:16:37,131 629    [           main] INFO  m.mchange.v2.c3p0.C3P0Registry  - Initializing c3p0-0.9.1.2 [built 21-May-2007 15:04:56; debug? true; trace: 10]
2019-08-27 20:16:37,141 639    [           main] DEBUG icPooledDataSourceManagerMBean  - MBean: com.mchange.v2.c3p0:type=PooledDataSource[1hge1aaa41mjon9kmdfi7p|272ed83b] registered.
2019-08-27 20:16:37,671 1169   [           main] DEBUG resourcepool.BasicResourcePool  - incremented pending_acquires: 1
2019-08-27 20:16:37,671 1169   [           main] DEBUG resourcepool.BasicResourcePool  - incremented pending_acquires: 2
2019-08-27 20:16:37,671 1169   [           main] DEBUG resourcepool.BasicResourcePool  - incremented pending_acquires: 3
2019-08-27 20:16:37,671 1169   [           main] DEBUG resourcepool.BasicResourcePool  - incremented pending_acquires: 4
2019-08-27 20:16:37,671 1169   [           main] DEBUG resourcepool.BasicResourcePool  - incremented pending_acquires: 5
2019-08-27 20:16:37,671 1169   [           main] DEBUG resourcepool.BasicResourcePool  - incremented pending_acquires: 6
2019-08-27 20:16:37,671 1169   [           main] DEBUG resourcepool.BasicResourcePool  - incremented pending_acquires: 7
2019-08-27 20:16:37,671 1169   [           main] DEBUG resourcepool.BasicResourcePool  - incremented pending_acquires: 8
2019-08-27 20:16:37,671 1169   [           main] DEBUG resourcepool.BasicResourcePool  - incremented pending_acquires: 9
2019-08-27 20:16:37,671 1169   [           main] DEBUG resourcepool.BasicResourcePool  - incremented pending_acquires: 10
2019-08-27 20:16:37,671 1169   [           main] DEBUG resourcepool.BasicResourcePool  - com.mchange.v2.resourcepool.BasicResourcePool@37e4d7bb config: [start -> 3; min -> 10; max -> 30; inc -> 3; num_acq_attempts -> 2; acq_attempt_delay -> 1000; check_idle_resources_delay -> 0; mox_resource_age -> 0; max_idle_time -> 0; excess_max_idle_time -> 0; destroy_unreturned_resc_time -> 0; expiration_enforcement_delay -> 0; break_on_acquisition_failure -> false; debug_store_checkout_exceptions -> false]
2019-08-27 20:16:37,671 1169   [           main] INFO  l.AbstractPoolBackedDataSource  - Initializing c3p0 pool... com.mchange.v2.c3p0.ComboPooledDataSource [ acquireIncrement -> 3, acquireRetryAttempts -> 2, acquireRetryDelay -> 1000, autoCommitOnClose -> false, automaticTestTable -> null, breakAfterAcquireFailure -> false, checkoutTimeout -> 10000, connectionCustomizerClassName -> null, connectionTesterClassName -> com.mchange.v2.c3p0.impl.DefaultConnectionTester, dataSourceName -> 1hge1aaa41mjon9kmdfi7p|272ed83b, debugUnreturnedConnectionStackTraces -> false, description -> null, driverClass -> com.mysql.jdbc.Driver, factoryClassLocation -> null, forceIgnoreUnresolvedTransactions -> false, identityToken -> 1hge1aaa41mjon9kmdfi7p|272ed83b, idleConnectionTestPeriod -> 0, initialPoolSize -> 3, jdbcUrl -> jdbc:mysql://localhost:3306/schoolshop?useUnicode=true&characterEncoding=utf8, maxAdministrativeTaskTime -> 0, maxConnectionAge -> 0, maxIdleTime -> 0, maxIdleTimeExcessConnections -> 0, maxPoolSize -> 30, maxStatements -> 0, maxStatementsPerConnection -> 0, minPoolSize -> 10, numHelperThreads -> 3, numThreadsAwaitingCheckoutDefaultUser -> 0, preferredTestQuery -> null, properties -> {user=******, password=******}, propertyCycle -> 0, testConnectionOnCheckin -> false, testConnectionOnCheckout -> false, unreturnedConnectionTimeout -> 0, usesTraditionalReflectiveProxies -> false ]
2019-08-27 20:16:37,671 1169   [           main] DEBUG resourcepool.BasicResourcePool  - acquire test -- pool size: 0; target_pool_size: 10; desired target? 1
2019-08-27 20:16:37,671 1169   [           main] DEBUG resourcepool.BasicResourcePool  - awaitAvailable(): [unknown]
2019-08-27 20:16:37,671 1169   [           main] DEBUG resourcepool.BasicResourcePool  - trace com.mchange.v2.resourcepool.BasicResourcePool@37e4d7bb [managed: 0, unused: 0, excluded: 0]
2019-08-27 20:16:37,881 1379   [r$PoolThread-#2] DEBUG .impl.C3P0PooledConnectionPool  - com.mchange.v2.c3p0.impl.C3P0PooledConnectionPool$1PooledConnectionResourcePoolManager@7d6a72a9.acquireResource() returning. 
2019-08-27 20:16:37,881 1379   [r$PoolThread-#1] DEBUG .impl.C3P0PooledConnectionPool  - com.mchange.v2.c3p0.impl.C3P0PooledConnectionPool$1PooledConnectionResourcePoolManager@7d6a72a9.acquireResource() returning. 
2019-08-27 20:16:37,881 1379   [r$PoolThread-#0] DEBUG .impl.C3P0PooledConnectionPool  - com.mchange.v2.c3p0.impl.C3P0PooledConnectionPool$1PooledConnectionResourcePoolManager@7d6a72a9.acquireResource() returning. 
2019-08-27 20:16:37,881 1379   [r$PoolThread-#2] DEBUG resourcepool.BasicResourcePool  - trace com.mchange.v2.resourcepool.BasicResourcePool@37e4d7bb [managed: 1, unused: 1, excluded: 0]
2019-08-27 20:16:37,881 1379   [r$PoolThread-#0] DEBUG resourcepool.BasicResourcePool  - trace com.mchange.v2.resourcepool.BasicResourcePool@37e4d7bb [managed: 2, unused: 1, excluded: 0] (e.g. com.mchange.v2.c3p0.impl.NewPooledConnection@269d9307)
2019-08-27 20:16:37,881 1379   [r$PoolThread-#1] DEBUG resourcepool.BasicResourcePool  - trace com.mchange.v2.resourcepool.BasicResourcePool@37e4d7bb [managed: 3, unused: 2, excluded: 0] (e.g. com.mchange.v2.c3p0.impl.NewPooledConnection@269d9307)
2019-08-27 20:16:37,881 1379   [r$PoolThread-#1] DEBUG resourcepool.BasicResourcePool  - decremented pending_acquires: 9
2019-08-27 20:16:37,881 1379   [r$PoolThread-#0] DEBUG resourcepool.BasicResourcePool  - decremented pending_acquires: 8
2019-08-27 20:16:37,881 1379   [           main] DEBUG resourcepool.BasicResourcePool  - trace com.mchange.v2.resourcepool.BasicResourcePool@37e4d7bb [managed: 3, unused: 2, excluded: 0] (e.g. com.mchange.v2.c3p0.impl.NewPooledConnection@269d9307)
2019-08-27 20:16:37,881 1379   [r$PoolThread-#2] DEBUG resourcepool.BasicResourcePool  - decremented pending_acquires: 7
2019-08-27 20:16:37,891 1389   [r$PoolThread-#0] DEBUG .impl.C3P0PooledConnectionPool  - com.mchange.v2.c3p0.impl.C3P0PooledConnectionPool$1PooledConnectionResourcePoolManager@7d6a72a9.acquireResource() returning. 
2019-08-27 20:16:37,891 1389   [r$PoolThread-#0] DEBUG resourcepool.BasicResourcePool  - trace com.mchange.v2.resourcepool.BasicResourcePool@37e4d7bb [managed: 4, unused: 3, excluded: 0] (e.g. com.mchange.v2.c3p0.impl.NewPooledConnection@269d9307)
2019-08-27 20:16:37,891 1389   [r$PoolThread-#2] DEBUG .impl.C3P0PooledConnectionPool  - com.mchange.v2.c3p0.impl.C3P0PooledConnectionPool$1PooledConnectionResourcePoolManager@7d6a72a9.acquireResource() returning. 
2019-08-27 20:16:37,901 1399   [r$PoolThread-#0] DEBUG resourcepool.BasicResourcePool  - decremented pending_acquires: 6
2019-08-27 20:16:37,901 1399   [r$PoolThread-#2] DEBUG resourcepool.BasicResourcePool  - trace com.mchange.v2.resourcepool.BasicResourcePool@37e4d7bb [managed: 5, unused: 4, excluded: 0] (e.g. com.mchange.v2.c3p0.impl.NewPooledConnection@269d9307)
2019-08-27 20:16:37,901 1399   [r$PoolThread-#1] DEBUG .impl.C3P0PooledConnectionPool  - com.mchange.v2.c3p0.impl.C3P0PooledConnectionPool$1PooledConnectionResourcePoolManager@7d6a72a9.acquireResource() returning. 
2019-08-27 20:16:37,901 1399   [r$PoolThread-#2] DEBUG resourcepool.BasicResourcePool  - decremented pending_acquires: 5
2019-08-27 20:16:37,901 1399   [r$PoolThread-#1] DEBUG resourcepool.BasicResourcePool  - trace com.mchange.v2.resourcepool.BasicResourcePool@37e4d7bb [managed: 6, unused: 5, excluded: 0] (e.g. com.mchange.v2.c3p0.impl.NewPooledConnection@269d9307)
2019-08-27 20:16:37,901 1399   [r$PoolThread-#1] DEBUG resourcepool.BasicResourcePool  - decremented pending_acquires: 4
2019-08-27 20:16:37,911 1409   [r$PoolThread-#0] DEBUG .impl.C3P0PooledConnectionPool  - com.mchange.v2.c3p0.impl.C3P0PooledConnectionPool$1PooledConnectionResourcePoolManager@7d6a72a9.acquireResource() returning. 
2019-08-27 20:16:37,911 1409   [r$PoolThread-#0] DEBUG resourcepool.BasicResourcePool  - trace com.mchange.v2.resourcepool.BasicResourcePool@37e4d7bb [managed: 7, unused: 6, excluded: 0] (e.g. com.mchange.v2.c3p0.impl.NewPooledConnection@269d9307)
2019-08-27 20:16:37,911 1409   [r$PoolThread-#0] DEBUG resourcepool.BasicResourcePool  - decremented pending_acquires: 3
2019-08-27 20:16:37,911 1409   [r$PoolThread-#2] DEBUG .impl.C3P0PooledConnectionPool  - com.mchange.v2.c3p0.impl.C3P0PooledConnectionPool$1PooledConnectionResourcePoolManager@7d6a72a9.acquireResource() returning. 
2019-08-27 20:16:37,911 1409   [r$PoolThread-#1] DEBUG .impl.C3P0PooledConnectionPool  - com.mchange.v2.c3p0.impl.C3P0PooledConnectionPool$1PooledConnectionResourcePoolManager@7d6a72a9.acquireResource() returning. 
2019-08-27 20:16:37,911 1409   [r$PoolThread-#2] DEBUG resourcepool.BasicResourcePool  - trace com.mchange.v2.resourcepool.BasicResourcePool@37e4d7bb [managed: 8, unused: 7, excluded: 0] (e.g. com.mchange.v2.c3p0.impl.NewPooledConnection@269d9307)
2019-08-27 20:16:37,911 1409   [r$PoolThread-#1] DEBUG resourcepool.BasicResourcePool  - trace com.mchange.v2.resourcepool.BasicResourcePool@37e4d7bb [managed: 9, unused: 8, excluded: 0] (e.g. com.mchange.v2.c3p0.impl.NewPooledConnection@269d9307)
2019-08-27 20:16:37,911 1409   [r$PoolThread-#1] DEBUG resourcepool.BasicResourcePool  - decremented pending_acquires: 2
2019-08-27 20:16:37,911 1409   [r$PoolThread-#2] DEBUG resourcepool.BasicResourcePool  - decremented pending_acquires: 1
2019-08-27 20:16:37,921 1419   [r$PoolThread-#0] DEBUG .impl.C3P0PooledConnectionPool  - com.mchange.v2.c3p0.impl.C3P0PooledConnectionPool$1PooledConnectionResourcePoolManager@7d6a72a9.acquireResource() returning. 
2019-08-27 20:16:37,921 1419   [r$PoolThread-#0] DEBUG resourcepool.BasicResourcePool  - trace com.mchange.v2.resourcepool.BasicResourcePool@37e4d7bb [managed: 10, unused: 9, excluded: 0] (e.g. com.mchange.v2.c3p0.impl.NewPooledConnection@269d9307)
2019-08-27 20:16:37,921 1419   [r$PoolThread-#0] DEBUG resourcepool.BasicResourcePool  - decremented pending_acquires: 0
2019-08-27 20:16:37,951 1449   [           main] DEBUG resourcepool.BasicResourcePool  - trace com.mchange.v2.resourcepool.BasicResourcePool@37e4d7bb [managed: 10, unused: 9, excluded: 0] (e.g. com.mchange.v2.c3p0.impl.NewPooledConnection@269d9307)
2019-08-27 20:16:37,951 1449   [           main] DEBUG 2.c3p0.impl.NewProxyConnection  - com.mchange.v2.c3p0.impl.NewProxyConnection@74a6f9c1: close() called more than once.
